#
# There is insufficient memory for the Java Runtime Environment to continue.
# Native memory allocation (mmap) failed to map 641728512 bytes for Failed to commit area from 0x000000072a000000 to 0x0000000750400000 of length 641728512.
# Possible reasons:
#   The system is out of physical RAM or swap space
#   The process is running with CompressedOops enabled, and the Java Heap may be blocking the growth of the native heap
# Possible solutions:
#   Reduce memory load on the system
#   Increase physical memory or swap space
#   Check if swap backing store is full
#   Decrease Java heap size (-Xmx/-Xms)
#   Decrease number of Java threads
#   Decrease Java thread stack sizes (-Xss)
#   Set larger code cache with -XX:ReservedCodeCacheSize=
#   JVM is running with Zero Based Compressed Oops mode in which the Java heap is
#     placed in the first 32GB address space. The Java Heap base address is the
#     maximum limit for the native heap growth. Please use -XX:HeapBaseMinAddress
#     to set the Java Heap base and to place the Java Heap above 32GB virtual address.
# This output file may be truncated or incomplete.
#
#  Out of Memory Error (t:/workspace/open/src/hotspot/os/windows/os_windows.cpp:3269), pid=24756, tid=15468
#
# JRE version: OpenJDK Runtime Environment (11.0.1+13) (build 11.0.1+13)
# Java VM: OpenJDK 64-Bit Server VM (11.0.1+13, mixed mode, tiered, compressed oops, g1 gc, windows-amd64)
# No core dump will be written. Minidumps are not enabled by default on client versions of Windows
#

---------------  S U M M A R Y ------------

Command Line: -Dfile.encoding=Cp1252 com.nagarro.training.advancejava.assignment1.Assignment1

Host: 11th Gen Intel(R) Core(TM) i5-1145G7 @ 2.60GHz, 8 cores, 15G,  Windows 10 , 64 bit Build 19041 (10.0.19041.1566)
Time: Mon Apr 18 18:22:07 2022 India Standard Time elapsed time: 13119 seconds (0d 3h 38m 39s)

---------------  T H R E A D  ---------------

Current thread (0x00000232cd60d000):  VMThread "VM Thread" [stack: 0x000000de9f100000,0x000000de9f200000] [id=15468]

Stack: [0x000000de9f100000,0x000000de9f200000]
[error occurred during error reporting (printing stack bounds), id 0xc0000005, EXCEPTION_ACCESS_VIOLATION (0xc0000005) at pc=0x00000232b1570bad]

Native frames: (J=compiled Java code, j=interpreted, Vv=VM code, C=native code)
V  [jvm.dll+0x63ad9a]
V  [jvm.dll+0x77851f]
V  [jvm.dll+0x779b08]
V  [jvm.dll+0x77a125]
V  [jvm.dll+0x77a0db]
V  [jvm.dll+0x63a496]
V  [jvm.dll+0x63a868]
C  [ntdll.dll+0xa20cf]
C  [ntdll.dll+0x51454]
C  [ntdll.dll+0xa0bfe]
C  0x00000232b1570bad

VM_Operation (0x000000de9ebff0c0): G1CollectForAllocation, mode: safepoint, requested by thread 0x00000232a91b1800


---------------  P R O C E S S  ---------------

Threads class SMR info:
_java_thread_list=0x00000232cd803570, length=10, elements={
0x00000232a91b1800, 0x00000232cd632000, 0x00000232cd63b800, 0x00000232cd6a2000,
0x00000232cd6a3000, 0x00000232cd6a5800, 0x00000232cd651800, 0x00000232cd653800,
0x00000232cd809800, 0x00000232cd812800
}

Java Threads: ( => current thread )
  0x00000232a91b1800 JavaThread "main" [_thread_blocked, id=6136, stack(0x000000de9eb00000,0x000000de9ec00000)]
  0x00000232cd632000 JavaThread "Reference Handler" daemon [_thread_blocked, id=11320, stack(0x000000de9f200000,0x000000de9f300000)]
  0x00000232cd63b800 JavaThread "Finalizer" daemon [_thread_blocked, id=19764, stack(0x000000de9f300000,0x000000de9f400000)]
  0x00000232cd6a2000 JavaThread "Signal Dispatcher" daemon [_thread_blocked, id=7644, stack(0x000000de9f400000,0x000000de9f500000)]
  0x00000232cd6a3000 JavaThread "Attach Listener" daemon [_thread_blocked, id=22100, stack(0x000000de9f500000,0x000000de9f600000)]
  0x00000232cd6a5800 JavaThread "C2 CompilerThread0" daemon [_thread_blocked, id=22484, stack(0x000000de9f600000,0x000000de9f700000)]
  0x00000232cd651800 JavaThread "C1 CompilerThread0" daemon [_thread_blocked, id=13848, stack(0x000000de9f700000,0x000000de9f800000)]
  0x00000232cd653800 JavaThread "Sweeper thread" daemon [_thread_blocked, id=24828, stack(0x000000de9f800000,0x000000de9f900000)]
  0x00000232cd809800 JavaThread "Service Thread" daemon [_thread_blocked, id=20348, stack(0x000000de9f900000,0x000000de9fa00000)]
  0x00000232cd812800 JavaThread "Common-Cleaner" daemon [_thread_blocked, id=25792, stack(0x000000de9fb00000,0x000000de9fc00000)]

Other Threads:
=>0x00000232cd60d000 VMThread "VM Thread" [stack: 0x000000de9f100000,0x000000de9f200000] [id=15468]
  0x00000232cd80a800 WatcherThread [stack: 0x000000de9fa00000,0x000000de9fb00000] [id=20828]
  0x00000232a91c9800 GCTaskThread "GC Thread#0" [stack: 0x000000de9ec00000,0x000000de9ed00000] [id=7856]
  0x00000232cdd4b000 GCTaskThread "GC Thread#1" [stack: 0x000000de9fd00000,0x000000de9fe00000] [id=3788]
  0x00000232cdd4a800 GCTaskThread "GC Thread#2" [stack: 0x000000de9fe00000,0x000000de9ff00000] [id=10752]
  0x00000232cdd4d800 GCTaskThread "GC Thread#3" [stack: 0x000000de9ff00000,0x000000dea0000000] [id=19132]
  0x00000232cdd4f800 GCTaskThread "GC Thread#4" [stack: 0x000000dea0000000,0x000000dea0100000] [id=24652]
  0x00000232cdd4c800 GCTaskThread "GC Thread#5" [stack: 0x000000de9ea00000,0x000000de9eb00000] [id=16888]
  0x00000232cdd4e800 GCTaskThread "GC Thread#6" [stack: 0x000000de9fc00000,0x000000de9fd00000] [id=21560]
  0x00000232cdd50000 GCTaskThread "GC Thread#7" [stack: 0x000000dea0100000,0x000000dea0200000] [id=9560]
  0x00000232a9222800 ConcurrentGCThread "G1 Main Marker" [stack: 0x000000de9ed00000,0x000000de9ee00000] [id=2708]
  0x00000232a9224800 ConcurrentGCThread "G1 Conc#0" [stack: 0x000000de9ee00000,0x000000de9ef00000] [id=21344]
  0x00000232cdd4c000 ConcurrentGCThread "G1 Conc#1" [stack: 0x000000de9e900000,0x000000de9ea00000] [id=25212]
  0x00000232ccc62800 ConcurrentGCThread "G1 Refine#0" [stack: 0x000000de9ef00000,0x000000de9f000000] [id=15344]
  0x00000232cd9c5800 ConcurrentGCThread "G1 Refine#1" [stack: 0x000000de9e800000,0x000000de9e900000] [id=17932]
  0x00000232a929e000 ConcurrentGCThread "G1 Young RemSet Sampling" [stack: 0x000000de9f000000,0x000000de9f100000] [id=18424]

Threads with active compile tasks:

VM state:at safepoint (normal execution)

VM Mutex/Monitor currently owned by a thread:  ([mutex/lock_event])
[0x00000232a91ad7b0] Threads_lock - owner thread: 0x00000232cd60d000
[0x00000232a91ae380] Heap_lock - owner thread: 0x00000232a91b1800

Heap address: 0x0000000709a00000, size: 3942 MB, Compressed Oops mode: Zero based, Oop shift amount: 3
Narrow klass base: 0x0000000800000000, Narrow klass shift: 0
Compressed class space size: 1073741824 Address: 0x0000000800000000

Heap:
 garbage-first heap   total 1157120K, used 245771K [0x0000000709a00000, 0x0000000800000000)
  region size 1024K, 1 young (1024K), 1 survivors (1024K)
 Metaspace       used 6412K, capacity 6519K, committed 6784K, reserved 1056768K
  class space    used 533K, capacity 547K, committed 640K, reserved 1048576K
Heap Regions: E=young(eden), S=young(survivor), O=old, HS=humongous(starts), HC=humongous(continues), CS=collection set, F=free, A=archive, TAMS=top-at-mark-start (previous, next)
|   0|0x0000000709a00000, 0x0000000709b00000, 0x0000000709b00000|100%| O|  |TAMS 0x0000000709b00000, 0x0000000709a00000| Untracked 
|   1|0x0000000709b00000, 0x0000000709c00000, 0x0000000709c00000|100%| O|  |TAMS 0x0000000709c00000, 0x0000000709b00000| Untracked 
|   2|0x0000000709c00000, 0x0000000709d00000, 0x0000000709d00000|100%| O|  |TAMS 0x0000000709d00000, 0x0000000709c00000| Untracked 
|   3|0x0000000709d00000, 0x0000000709e00000, 0x0000000709e00000|100%| O|  |TAMS 0x0000000709e00000, 0x0000000709d00000| Untracked 
|   4|0x0000000709e00000, 0x0000000709f00000, 0x0000000709f00000|100%| O|  |TAMS 0x0000000709f00000, 0x0000000709e00000| Untracked 
|   5|0x0000000709f00000, 0x000000070a000000, 0x000000070a000000|100%| O|  |TAMS 0x000000070a000000, 0x0000000709f00000| Untracked 
|   6|0x000000070a000000, 0x000000070a100000, 0x000000070a100000|100%| O|  |TAMS 0x000000070a100000, 0x000000070a000000| Untracked 
|   7|0x000000070a100000, 0x000000070a200000, 0x000000070a200000|100%| O|  |TAMS 0x000000070a200000, 0x000000070a100000| Untracked 
|   8|0x000000070a200000, 0x000000070a300000, 0x000000070a300000|100%| O|  |TAMS 0x000000070a300000, 0x000000070a200000| Untracked 
|   9|0x000000070a300000, 0x000000070a400000, 0x000000070a400000|100%| O|  |TAMS 0x000000070a400000, 0x000000070a300000| Untracked 
|  10|0x000000070a400000, 0x000000070a500000, 0x000000070a500000|100%| O|  |TAMS 0x000000070a500000, 0x000000070a400000| Untracked 
|  11|0x000000070a500000, 0x000000070a600000, 0x000000070a600000|100%| O|  |TAMS 0x000000070a600000, 0x000000070a500000| Untracked 
|  12|0x000000070a600000, 0x000000070a700000, 0x000000070a700000|100%| O|  |TAMS 0x000000070a700000, 0x000000070a600000| Untracked 
|  13|0x000000070a700000, 0x000000070a800000, 0x000000070a800000|100%| O|  |TAMS 0x000000070a800000, 0x000000070a700000| Untracked 
|  14|0x000000070a800000, 0x000000070a900000, 0x000000070a900000|100%| O|  |TAMS 0x000000070a900000, 0x000000070a800000| Untracked 
|  15|0x000000070a900000, 0x000000070aa00000, 0x000000070aa00000|100%| O|  |TAMS 0x000000070aa00000, 0x000000070a900000| Untracked 
|  16|0x000000070aa00000, 0x000000070ab00000, 0x000000070ab00000|100%| O|  |TAMS 0x000000070ab00000, 0x000000070aa00000| Untracked 
|  17|0x000000070ab00000, 0x000000070ac00000, 0x000000070ac00000|100%| O|  |TAMS 0x000000070ac00000, 0x000000070ab00000| Untracked 
|  18|0x000000070ac00000, 0x000000070ad00000, 0x000000070ad00000|100%| O|  |TAMS 0x000000070ad00000, 0x000000070ac00000| Untracked 
|  19|0x000000070ad00000, 0x000000070ae00000, 0x000000070ae00000|100%| O|  |TAMS 0x000000070ae00000, 0x000000070ad00000| Untracked 
|  20|0x000000070ae00000, 0x000000070af00000, 0x000000070af00000|100%| O|  |TAMS 0x000000070af00000, 0x000000070ae00000| Untracked 
|  21|0x000000070af00000, 0x000000070b000000, 0x000000070b000000|100%| O|  |TAMS 0x000000070b000000, 0x000000070af00000| Untracked 
|  22|0x000000070b000000, 0x000000070b100000, 0x000000070b100000|100%| O|  |TAMS 0x000000070b100000, 0x000000070b000000| Untracked 
|  23|0x000000070b100000, 0x000000070b200000, 0x000000070b200000|100%| O|  |TAMS 0x000000070b200000, 0x000000070b100000| Untracked 
|  24|0x000000070b200000, 0x000000070b300000, 0x000000070b300000|100%| O|  |TAMS 0x000000070b300000, 0x000000070b200000| Untracked 
|  25|0x000000070b300000, 0x000000070b400000, 0x000000070b400000|100%| O|  |TAMS 0x000000070b400000, 0x000000070b300000| Untracked 
|  26|0x000000070b400000, 0x000000070b500000, 0x000000070b500000|100%| O|  |TAMS 0x000000070b500000, 0x000000070b400000| Untracked 
|  27|0x000000070b500000, 0x000000070b600000, 0x000000070b600000|100%| O|  |TAMS 0x000000070b600000, 0x000000070b500000| Untracked 
|  28|0x000000070b600000, 0x000000070b700000, 0x000000070b700000|100%| O|  |TAMS 0x000000070b700000, 0x000000070b600000| Untracked 
|  29|0x000000070b700000, 0x000000070b800000, 0x000000070b800000|100%| O|  |TAMS 0x000000070b800000, 0x000000070b700000| Untracked 
|  30|0x000000070b800000, 0x000000070b900000, 0x000000070b900000|100%| O|  |TAMS 0x000000070b900000, 0x000000070b800000| Untracked 
|  31|0x000000070b900000, 0x000000070ba00000, 0x000000070ba00000|100%| O|  |TAMS 0x000000070ba00000, 0x000000070b900000| Untracked 
|  32|0x000000070ba00000, 0x000000070bb00000, 0x000000070bb00000|100%| O|  |TAMS 0x000000070bb00000, 0x000000070ba00000| Untracked 
|  33|0x000000070bb00000, 0x000000070bc00000, 0x000000070bc00000|100%| O|  |TAMS 0x000000070bc00000, 0x000000070bb00000| Untracked 
|  34|0x000000070bc00000, 0x000000070bd00000, 0x000000070bd00000|100%| O|  |TAMS 0x000000070bd00000, 0x000000070bc00000| Untracked 
|  35|0x000000070bd00000, 0x000000070be00000, 0x000000070be00000|100%| O|  |TAMS 0x000000070be00000, 0x000000070bd00000| Untracked 
|  36|0x000000070be00000, 0x000000070bf00000, 0x000000070bf00000|100%| O|  |TAMS 0x000000070bf00000, 0x000000070be00000| Untracked 
|  37|0x000000070bf00000, 0x000000070c000000, 0x000000070c000000|100%| O|  |TAMS 0x000000070c000000, 0x000000070bf00000| Untracked 
|  38|0x000000070c000000, 0x000000070c100000, 0x000000070c100000|100%| O|  |TAMS 0x000000070c100000, 0x000000070c000000| Untracked 
|  39|0x000000070c100000, 0x000000070c200000, 0x000000070c200000|100%| O|  |TAMS 0x000000070c200000, 0x000000070c100000| Untracked 
|  40|0x000000070c200000, 0x000000070c300000, 0x000000070c300000|100%| O|  |TAMS 0x000000070c300000, 0x000000070c200000| Untracked 
|  41|0x000000070c300000, 0x000000070c400000, 0x000000070c400000|100%| O|  |TAMS 0x000000070c400000, 0x000000070c300000| Untracked 
|  42|0x000000070c400000, 0x000000070c500000, 0x000000070c500000|100%| O|  |TAMS 0x000000070c500000, 0x000000070c400000| Untracked 
|  43|0x000000070c500000, 0x000000070c600000, 0x000000070c600000|100%| O|  |TAMS 0x000000070c600000, 0x000000070c500000| Untracked 
|  44|0x000000070c600000, 0x000000070c700000, 0x000000070c700000|100%| O|  |TAMS 0x000000070c700000, 0x000000070c600000| Untracked 
|  45|0x000000070c700000, 0x000000070c800000, 0x000000070c800000|100%| O|  |TAMS 0x000000070c800000, 0x000000070c700000| Untracked 
|  46|0x000000070c800000, 0x000000070c900000, 0x000000070c900000|100%| O|  |TAMS 0x000000070c900000, 0x000000070c800000| Untracked 
|  47|0x000000070c900000, 0x000000070ca00000, 0x000000070ca00000|100%| O|  |TAMS 0x000000070ca00000, 0x000000070c900000| Untracked 
|  48|0x000000070ca00000, 0x000000070cb00000, 0x000000070cb00000|100%| O|  |TAMS 0x000000070cb00000, 0x000000070ca00000| Untracked 
|  49|0x000000070cb00000, 0x000000070cc00000, 0x000000070cc00000|100%| O|  |TAMS 0x000000070cc00000, 0x000000070cb00000| Untracked 
|  50|0x000000070cc00000, 0x000000070cd00000, 0x000000070cd00000|100%| O|  |TAMS 0x000000070cd00000, 0x000000070cc00000| Untracked 
|  51|0x000000070cd00000, 0x000000070ce00000, 0x000000070ce00000|100%| O|  |TAMS 0x000000070ce00000, 0x000000070cd00000| Untracked 
|  52|0x000000070ce00000, 0x000000070cf00000, 0x000000070cf00000|100%| O|  |TAMS 0x000000070cf00000, 0x000000070ce00000| Untracked 
|  53|0x000000070cf00000, 0x000000070d000000, 0x000000070d000000|100%| O|  |TAMS 0x000000070d000000, 0x000000070cf00000| Untracked 
|  54|0x000000070d000000, 0x000000070d100000, 0x000000070d100000|100%| O|  |TAMS 0x000000070d100000, 0x000000070d000000| Untracked 
|  55|0x000000070d100000, 0x000000070d200000, 0x000000070d200000|100%| O|  |TAMS 0x000000070d200000, 0x000000070d100000| Untracked 
|  56|0x000000070d200000, 0x000000070d300000, 0x000000070d300000|100%| O|  |TAMS 0x000000070d300000, 0x000000070d200000| Untracked 
|  57|0x000000070d300000, 0x000000070d400000, 0x000000070d400000|100%| O|  |TAMS 0x000000070d400000, 0x000000070d300000| Untracked 
|  58|0x000000070d400000, 0x000000070d500000, 0x000000070d500000|100%| O|  |TAMS 0x000000070d500000, 0x000000070d400000| Untracked 
|  59|0x000000070d500000, 0x000000070d600000, 0x000000070d600000|100%| O|  |TAMS 0x000000070d600000, 0x000000070d500000| Untracked 
|  60|0x000000070d600000, 0x000000070d700000, 0x000000070d700000|100%| O|  |TAMS 0x000000070d700000, 0x000000070d600000| Untracked 
|  61|0x000000070d700000, 0x000000070d800000, 0x000000070d800000|100%| O|  |TAMS 0x000000070d800000, 0x000000070d700000| Untracked 
|  62|0x000000070d800000, 0x000000070d900000, 0x000000070d900000|100%| O|  |TAMS 0x000000070d900000, 0x000000070d800000| Untracked 
|  63|0x000000070d900000, 0x000000070da00000, 0x000000070da00000|100%| O|  |TAMS 0x000000070da00000, 0x000000070d900000| Untracked 
|  64|0x000000070da00000, 0x000000070db00000, 0x000000070db00000|100%| O|  |TAMS 0x000000070db00000, 0x000000070da00000| Untracked 
|  65|0x000000070db00000, 0x000000070dc00000, 0x000000070dc00000|100%| O|  |TAMS 0x000000070dc00000, 0x000000070db00000| Untracked 
|  66|0x000000070dc00000, 0x000000070dd00000, 0x000000070dd00000|100%| O|  |TAMS 0x000000070dd00000, 0x000000070dc00000| Untracked 
|  67|0x000000070dd00000, 0x000000070de00000, 0x000000070de00000|100%| O|  |TAMS 0x000000070de00000, 0x000000070dd00000| Untracked 
|  68|0x000000070de00000, 0x000000070df00000, 0x000000070df00000|100%| O|  |TAMS 0x000000070df00000, 0x000000070de00000| Untracked 
|  69|0x000000070df00000, 0x000000070e000000, 0x000000070e000000|100%| O|  |TAMS 0x000000070e000000, 0x000000070df00000| Untracked 
|  70|0x000000070e000000, 0x000000070e100000, 0x000000070e100000|100%| O|  |TAMS 0x000000070e100000, 0x000000070e000000| Untracked 
|  71|0x000000070e100000, 0x000000070e200000, 0x000000070e200000|100%| O|  |TAMS 0x000000070e200000, 0x000000070e100000| Untracked 
|  72|0x000000070e200000, 0x000000070e300000, 0x000000070e300000|100%| O|  |TAMS 0x000000070e300000, 0x000000070e200000| Untracked 
|  73|0x000000070e300000, 0x000000070e400000, 0x000000070e400000|100%| O|  |TAMS 0x000000070e400000, 0x000000070e300000| Untracked 
|  74|0x000000070e400000, 0x000000070e500000, 0x000000070e500000|100%| O|  |TAMS 0x000000070e500000, 0x000000070e400000| Untracked 
|  75|0x000000070e500000, 0x000000070e600000, 0x000000070e600000|100%| O|  |TAMS 0x000000070e600000, 0x000000070e500000| Untracked 
|  76|0x000000070e600000, 0x000000070e700000, 0x000000070e700000|100%| O|  |TAMS 0x000000070e700000, 0x000000070e600000| Untracked 
|  77|0x000000070e700000, 0x000000070e800000, 0x000000070e800000|100%| O|  |TAMS 0x000000070e800000, 0x000000070e700000| Untracked 
|  78|0x000000070e800000, 0x000000070e900000, 0x000000070e900000|100%| O|  |TAMS 0x000000070e900000, 0x000000070e800000| Untracked 
|  79|0x000000070e900000, 0x000000070ea00000, 0x000000070ea00000|100%| O|  |TAMS 0x000000070ea00000, 0x000000070e900000| Untracked 
|  80|0x000000070ea00000, 0x000000070eb00000, 0x000000070eb00000|100%| O|  |TAMS 0x000000070eb00000, 0x000000070ea00000| Untracked 
|  81|0x000000070eb00000, 0x000000070ec00000, 0x000000070ec00000|100%| O|  |TAMS 0x000000070ec00000, 0x000000070eb00000| Untracked 
|  82|0x000000070ec00000, 0x000000070ed00000, 0x000000070ed00000|100%| O|  |TAMS 0x000000070ed00000, 0x000000070ec00000| Untracked 
|  83|0x000000070ed00000, 0x000000070ee00000, 0x000000070ee00000|100%| O|  |TAMS 0x000000070ee00000, 0x000000070ed00000| Untracked 
|  84|0x000000070ee00000, 0x000000070ef00000, 0x000000070ef00000|100%| O|  |TAMS 0x000000070ef00000, 0x000000070ee00000| Untracked 
|  85|0x000000070ef00000, 0x000000070f000000, 0x000000070f000000|100%| O|  |TAMS 0x000000070f000000, 0x000000070ef00000| Untracked 
|  86|0x000000070f000000, 0x000000070f100000, 0x000000070f100000|100%| O|  |TAMS 0x000000070f100000, 0x000000070f000000| Untracked 
|  87|0x000000070f100000, 0x000000070f200000, 0x000000070f200000|100%| O|  |TAMS 0x000000070f200000, 0x000000070f100000| Untracked 
|  88|0x000000070f200000, 0x000000070f300000, 0x000000070f300000|100%| O|  |TAMS 0x000000070f300000, 0x000000070f200000| Untracked 
|  89|0x000000070f300000, 0x000000070f400000, 0x000000070f400000|100%| O|  |TAMS 0x000000070f400000, 0x000000070f300000| Untracked 
|  90|0x000000070f400000, 0x000000070f500000, 0x000000070f500000|100%| O|  |TAMS 0x000000070f500000, 0x000000070f400000| Untracked 
|  91|0x000000070f500000, 0x000000070f600000, 0x000000070f600000|100%| O|  |TAMS 0x000000070f600000, 0x000000070f500000| Untracked 
|  92|0x000000070f600000, 0x000000070f700000, 0x000000070f700000|100%| O|  |TAMS 0x000000070f700000, 0x000000070f600000| Untracked 
|  93|0x000000070f700000, 0x000000070f800000, 0x000000070f800000|100%| O|  |TAMS 0x000000070f800000, 0x000000070f700000| Untracked 
|  94|0x000000070f800000, 0x000000070f900000, 0x000000070f900000|100%| O|  |TAMS 0x000000070f900000, 0x000000070f800000| Untracked 
|  95|0x000000070f900000, 0x000000070fa00000, 0x000000070fa00000|100%| O|  |TAMS 0x000000070fa00000, 0x000000070f900000| Untracked 
|  96|0x000000070fa00000, 0x000000070fb00000, 0x000000070fb00000|100%| O|  |TAMS 0x000000070fb00000, 0x000000070fa00000| Untracked 
|  97|0x000000070fb00000, 0x000000070fc00000, 0x000000070fc00000|100%| O|  |TAMS 0x000000070fc00000, 0x000000070fb00000| Untracked 
|  98|0x000000070fc00000, 0x000000070fd00000, 0x000000070fd00000|100%| O|  |TAMS 0x000000070fd00000, 0x000000070fc00000| Untracked 
|  99|0x000000070fd00000, 0x000000070fe00000, 0x000000070fe00000|100%| O|  |TAMS 0x000000070fe00000, 0x000000070fd00000| Untracked 
| 100|0x000000070fe00000, 0x000000070ff00000, 0x000000070ff00000|100%| O|  |TAMS 0x000000070ff00000, 0x000000070fe00000| Untracked 
| 101|0x000000070ff00000, 0x0000000710000000, 0x0000000710000000|100%| O|  |TAMS 0x000000070ff00000, 0x000000070ff00000| Untracked 
| 102|0x0000000710000000, 0x0000000710100000, 0x0000000710100000|100%| O|  |TAMS 0x0000000710000000, 0x0000000710000000| Untracked 
| 103|0x0000000710100000, 0x0000000710200000, 0x0000000710200000|100%| O|  |TAMS 0x0000000710200000, 0x0000000710100000| Untracked 
| 104|0x0000000710200000, 0x0000000710300000, 0x0000000710300000|100%| O|  |TAMS 0x0000000710300000, 0x0000000710200000| Untracked 
| 105|0x0000000710300000, 0x0000000710400000, 0x0000000710400000|100%| O|  |TAMS 0x0000000710400000, 0x0000000710300000| Untracked 
| 106|0x0000000710400000, 0x0000000710500000, 0x0000000710500000|100%| O|  |TAMS 0x0000000710500000, 0x0000000710400000| Untracked 
| 107|0x0000000710500000, 0x0000000710600000, 0x0000000710600000|100%| O|  |TAMS 0x0000000710600000, 0x0000000710500000| Untracked 
| 108|0x0000000710600000, 0x0000000710700000, 0x0000000710700000|100%| O|  |TAMS 0x0000000710700000, 0x0000000710600000| Untracked 
| 109|0x0000000710700000, 0x0000000710800000, 0x0000000710800000|100%| O|  |TAMS 0x0000000710800000, 0x0000000710700000| Untracked 
| 110|0x0000000710800000, 0x0000000710900000, 0x0000000710900000|100%| O|  |TAMS 0x0000000710900000, 0x0000000710800000| Untracked 
| 111|0x0000000710900000, 0x0000000710a00000, 0x0000000710a00000|100%| O|  |TAMS 0x0000000710a00000, 0x0000000710900000| Untracked 
| 112|0x0000000710a00000, 0x0000000710b00000, 0x0000000710b00000|100%| O|  |TAMS 0x0000000710b00000, 0x0000000710a00000| Untracked 
| 113|0x0000000710b00000, 0x0000000710c00000, 0x0000000710c00000|100%| O|  |TAMS 0x0000000710c00000, 0x0000000710b00000| Untracked 
| 114|0x0000000710c00000, 0x0000000710d00000, 0x0000000710d00000|100%| O|  |TAMS 0x0000000710d00000, 0x0000000710c00000| Untracked 
| 115|0x0000000710d00000, 0x0000000710e00000, 0x0000000710e00000|100%| O|  |TAMS 0x0000000710e00000, 0x0000000710d00000| Untracked 
| 116|0x0000000710e00000, 0x0000000710f00000, 0x0000000710f00000|100%| O|  |TAMS 0x0000000710f00000, 0x0000000710e00000| Untracked 
| 117|0x0000000710f00000, 0x0000000711000000, 0x0000000711000000|100%| O|  |TAMS 0x0000000711000000, 0x0000000710f00000| Untracked 
| 118|0x0000000711000000, 0x0000000711100000, 0x0000000711100000|100%| O|  |TAMS 0x0000000711100000, 0x0000000711000000| Untracked 
| 119|0x0000000711100000, 0x0000000711200000, 0x0000000711200000|100%| O|  |TAMS 0x0000000711200000, 0x0000000711100000| Untracked 
| 120|0x0000000711200000, 0x0000000711300000, 0x0000000711300000|100%| O|  |TAMS 0x0000000711300000, 0x0000000711200000| Untracked 
| 121|0x0000000711300000, 0x0000000711400000, 0x0000000711400000|100%| O|  |TAMS 0x0000000711400000, 0x0000000711300000| Untracked 
| 122|0x0000000711400000, 0x0000000711500000, 0x0000000711500000|100%| O|  |TAMS 0x0000000711500000, 0x0000000711400000| Untracked 
| 123|0x0000000711500000, 0x0000000711600000, 0x0000000711600000|100%| O|  |TAMS 0x0000000711600000, 0x0000000711500000| Untracked 
| 124|0x0000000711600000, 0x0000000711700000, 0x0000000711700000|100%| O|  |TAMS 0x0000000711700000, 0x0000000711600000| Untracked 
| 125|0x0000000711700000, 0x0000000711800000, 0x0000000711800000|100%| O|  |TAMS 0x0000000711800000, 0x0000000711700000| Untracked 
| 126|0x0000000711800000, 0x0000000711900000, 0x0000000711900000|100%| O|  |TAMS 0x0000000711900000, 0x0000000711800000| Untracked 
| 127|0x0000000711900000, 0x0000000711a00000, 0x0000000711a00000|100%| O|  |TAMS 0x0000000711a00000, 0x0000000711900000| Untracked 
| 128|0x0000000711a00000, 0x0000000711b00000, 0x0000000711b00000|100%| O|  |TAMS 0x0000000711b00000, 0x0000000711a00000| Untracked 
| 129|0x0000000711b00000, 0x0000000711c00000, 0x0000000711c00000|100%| O|  |TAMS 0x0000000711c00000, 0x0000000711b00000| Untracked 
| 130|0x0000000711c00000, 0x0000000711d00000, 0x0000000711d00000|100%| O|  |TAMS 0x0000000711d00000, 0x0000000711c00000| Untracked 
| 131|0x0000000711d00000, 0x0000000711e00000, 0x0000000711e00000|100%| O|  |TAMS 0x0000000711e00000, 0x0000000711d00000| Untracked 
| 132|0x0000000711e00000, 0x0000000711f00000, 0x0000000711f00000|100%| O|  |TAMS 0x0000000711f00000, 0x0000000711e00000| Untracked 
| 133|0x0000000711f00000, 0x0000000712000000, 0x0000000712000000|100%| O|  |TAMS 0x0000000712000000, 0x0000000711f00000| Untracked 
| 134|0x0000000712000000, 0x0000000712100000, 0x0000000712100000|100%| O|  |TAMS 0x0000000712100000, 0x0000000712000000| Untracked 
| 135|0x0000000712100000, 0x0000000712200000, 0x0000000712200000|100%| O|  |TAMS 0x0000000712200000, 0x0000000712100000| Untracked 
| 136|0x0000000712200000, 0x0000000712300000, 0x0000000712300000|100%| O|  |TAMS 0x0000000712300000, 0x0000000712200000| Untracked 
| 137|0x0000000712300000, 0x0000000712400000, 0x0000000712400000|100%| O|  |TAMS 0x0000000712400000, 0x0000000712300000| Untracked 
| 138|0x0000000712400000, 0x0000000712500000, 0x0000000712500000|100%| O|  |TAMS 0x0000000712500000, 0x0000000712400000| Untracked 
| 139|0x0000000712500000, 0x0000000712600000, 0x0000000712600000|100%| O|  |TAMS 0x0000000712600000, 0x0000000712500000| Untracked 
| 140|0x0000000712600000, 0x0000000712700000, 0x0000000712700000|100%| O|  |TAMS 0x0000000712700000, 0x0000000712600000| Untracked 
| 141|0x0000000712700000, 0x0000000712800000, 0x0000000712800000|100%| O|  |TAMS 0x0000000712800000, 0x0000000712700000| Untracked 
| 142|0x0000000712800000, 0x0000000712900000, 0x0000000712900000|100%| O|  |TAMS 0x0000000712900000, 0x0000000712800000| Untracked 
| 143|0x0000000712900000, 0x0000000712a00000, 0x0000000712a00000|100%| O|  |TAMS 0x0000000712a00000, 0x0000000712900000| Untracked 
| 144|0x0000000712a00000, 0x0000000712b00000, 0x0000000712b00000|100%| O|  |TAMS 0x0000000712b00000, 0x0000000712a00000| Untracked 
| 145|0x0000000712b00000, 0x0000000712c00000, 0x0000000712c00000|100%| O|  |TAMS 0x0000000712c00000, 0x0000000712b00000| Untracked 
| 146|0x0000000712c00000, 0x0000000712d00000, 0x0000000712d00000|100%| O|  |TAMS 0x0000000712d00000, 0x0000000712c00000| Untracked 
| 147|0x0000000712d00000, 0x0000000712e00000, 0x0000000712e00000|100%| O|  |TAMS 0x0000000712e00000, 0x0000000712d00000| Untracked 
| 148|0x0000000712e00000, 0x0000000712f00000, 0x0000000712f00000|100%| O|  |TAMS 0x0000000712f00000, 0x0000000712e00000| Untracked 
| 149|0x0000000712f00000, 0x0000000713000000, 0x0000000713000000|100%| O|  |TAMS 0x0000000713000000, 0x0000000712f00000| Untracked 
| 150|0x0000000713000000, 0x0000000713100000, 0x0000000713100000|100%| O|  |TAMS 0x0000000713100000, 0x0000000713000000| Untracked 
| 151|0x0000000713100000, 0x0000000713100000, 0x0000000713200000|  0%| F|  |TAMS 0x0000000713100000, 0x0000000713100000| Untracked 
| 152|0x0000000713200000, 0x0000000713300000, 0x0000000713300000|100%| O|  |TAMS 0x0000000713300000, 0x0000000713200000| Untracked 
| 153|0x0000000713300000, 0x0000000713300000, 0x0000000713400000|  0%| F|  |TAMS 0x0000000713300000, 0x0000000713300000| Untracked 
| 154|0x0000000713400000, 0x0000000713400000, 0x0000000713500000|  0%| F|  |TAMS 0x0000000713400000, 0x0000000713400000| Untracked 
| 155|0x0000000713500000, 0x0000000713500000, 0x0000000713600000|  0%| F|  |TAMS 0x0000000713500000, 0x0000000713500000| Untracked 
| 156|0x0000000713600000, 0x0000000713600000, 0x0000000713700000|  0%| F|  |TAMS 0x0000000713600000, 0x0000000713600000| Untracked 
| 157|0x0000000713700000, 0x0000000713700000, 0x0000000713800000|  0%| F|  |TAMS 0x0000000713700000, 0x0000000713700000| Untracked 
| 158|0x0000000713800000, 0x0000000713800000, 0x0000000713900000|  0%| F|  |TAMS 0x0000000713800000, 0x0000000713800000| Untracked 
| 159|0x0000000713900000, 0x0000000713900000, 0x0000000713a00000|  0%| F|  |TAMS 0x0000000713900000, 0x0000000713900000| Untracked 
| 160|0x0000000713a00000, 0x0000000713a00000, 0x0000000713b00000|  0%| F|  |TAMS 0x0000000713a00000, 0x0000000713a00000| Untracked 
| 161|0x0000000713b00000, 0x0000000713b00000, 0x0000000713c00000|  0%| F|  |TAMS 0x0000000713b00000, 0x0000000713b00000| Untracked 
| 162|0x0000000713c00000, 0x0000000713c00000, 0x0000000713d00000|  0%| F|  |TAMS 0x0000000713c00000, 0x0000000713c00000| Untracked 
| 163|0x0000000713d00000, 0x0000000713d00000, 0x0000000713e00000|  0%| F|  |TAMS 0x0000000713d00000, 0x0000000713d00000| Untracked 
| 164|0x0000000713e00000, 0x0000000713f00000, 0x0000000713f00000|100%| O|  |TAMS 0x0000000713e00000, 0x0000000713e00000| Untracked 
| 165|0x0000000713f00000, 0x0000000714000000, 0x0000000714000000|100%| O|  |TAMS 0x0000000713f00000, 0x0000000713f00000| Untracked 
| 166|0x0000000714000000, 0x0000000714100000, 0x0000000714100000|100%| O|  |TAMS 0x0000000714000000, 0x0000000714000000| Untracked 
| 167|0x0000000714100000, 0x0000000714100000, 0x0000000714200000|  0%| F|  |TAMS 0x0000000714100000, 0x0000000714100000| Untracked 
| 168|0x0000000714200000, 0x0000000714200000, 0x0000000714300000|  0%| F|  |TAMS 0x0000000714200000, 0x0000000714200000| Untracked 
| 169|0x0000000714300000, 0x0000000714300000, 0x0000000714400000|  0%| F|  |TAMS 0x0000000714300000, 0x0000000714300000| Untracked 
| 170|0x0000000714400000, 0x0000000714400000, 0x0000000714500000|  0%| F|  |TAMS 0x0000000714400000, 0x0000000714400000| Untracked 
| 171|0x0000000714500000, 0x0000000714500000, 0x0000000714600000|  0%| F|  |TAMS 0x0000000714500000, 0x0000000714500000| Untracked 
| 172|0x0000000714600000, 0x0000000714600000, 0x0000000714700000|  0%| F|  |TAMS 0x0000000714600000, 0x0000000714600000| Untracked 
| 173|0x0000000714700000, 0x0000000714800000, 0x0000000714800000|100%| O|  |TAMS 0x0000000714700000, 0x0000000714700000| Untracked 
| 174|0x0000000714800000, 0x0000000714900000, 0x0000000714900000|100%| O|  |TAMS 0x0000000714800000, 0x0000000714800000| Untracked 
| 175|0x0000000714900000, 0x0000000714a00000, 0x0000000714a00000|100%| O|  |TAMS 0x0000000714900000, 0x0000000714900000| Untracked 
| 176|0x0000000714a00000, 0x0000000714b00000, 0x0000000714b00000|100%| O|  |TAMS 0x0000000714a00000, 0x0000000714a00000| Untracked 
| 177|0x0000000714b00000, 0x0000000714c00000, 0x0000000714c00000|100%| O|  |TAMS 0x0000000714b00000, 0x0000000714b00000| Untracked 
| 178|0x0000000714c00000, 0x0000000714d00000, 0x0000000714d00000|100%| O|  |TAMS 0x0000000714c00000, 0x0000000714c00000| Untracked 
| 179|0x0000000714d00000, 0x0000000714e00000, 0x0000000714e00000|100%| O|  |TAMS 0x0000000714d00000, 0x0000000714d00000| Untracked 
| 180|0x0000000714e00000, 0x0000000714f00000, 0x0000000714f00000|100%| O|  |TAMS 0x0000000714e00000, 0x0000000714e00000| Untracked 
| 181|0x0000000714f00000, 0x0000000715000000, 0x0000000715000000|100%| O|  |TAMS 0x0000000714f00000, 0x0000000714f00000| Untracked 
| 182|0x0000000715000000, 0x0000000715100000, 0x0000000715100000|100%| O|  |TAMS 0x0000000715000000, 0x0000000715000000| Untracked 
| 183|0x0000000715100000, 0x0000000715200000, 0x0000000715200000|100%| O|  |TAMS 0x0000000715100000, 0x0000000715100000| Untracked 
| 184|0x0000000715200000, 0x0000000715300000, 0x0000000715300000|100%| O|  |TAMS 0x0000000715200000, 0x0000000715200000| Untracked 
| 185|0x0000000715300000, 0x0000000715400000, 0x0000000715400000|100%| O|  |TAMS 0x0000000715300000, 0x0000000715300000| Untracked 
| 186|0x0000000715400000, 0x0000000715400000, 0x0000000715500000|  0%| F|  |TAMS 0x0000000715400000, 0x0000000715400000| Untracked 
| 187|0x0000000715500000, 0x0000000715500000, 0x0000000715600000|  0%| F|  |TAMS 0x0000000715500000, 0x0000000715500000| Untracked 
| 188|0x0000000715600000, 0x0000000715700000, 0x0000000715700000|100%| O|  |TAMS 0x0000000715700000, 0x0000000715600000| Untracked 
| 189|0x0000000715700000, 0x0000000715700000, 0x0000000715800000|  0%| F|  |TAMS 0x0000000715700000, 0x0000000715700000| Untracked 
| 190|0x0000000715800000, 0x0000000715800000, 0x0000000715900000|  0%| F|  |TAMS 0x0000000715800000, 0x0000000715800000| Untracked 
| 191|0x0000000715900000, 0x0000000715900000, 0x0000000715a00000|  0%| F|  |TAMS 0x0000000715900000, 0x0000000715900000| Untracked 
| 192|0x0000000715a00000, 0x0000000715b00000, 0x0000000715b00000|100%| O|  |TAMS 0x0000000715b00000, 0x0000000715a00000| Untracked 
| 193|0x0000000715b00000, 0x0000000715b00000, 0x0000000715c00000|  0%| F|  |TAMS 0x0000000715b00000, 0x0000000715b00000| Untracked 
| 194|0x0000000715c00000, 0x0000000715c00000, 0x0000000715d00000|  0%| F|  |TAMS 0x0000000715c00000, 0x0000000715c00000| Untracked 
| 195|0x0000000715d00000, 0x0000000715d00000, 0x0000000715e00000|  0%| F|  |TAMS 0x0000000715d00000, 0x0000000715d00000| Untracked 
| 196|0x0000000715e00000, 0x0000000715e00000, 0x0000000715f00000|  0%| F|  |TAMS 0x0000000715e00000, 0x0000000715e00000| Untracked 
| 197|0x0000000715f00000, 0x0000000715f00000, 0x0000000716000000|  0%| F|  |TAMS 0x0000000715f00000, 0x0000000715f00000| Untracked 
| 198|0x0000000716000000, 0x0000000716000000, 0x0000000716100000|  0%| F|  |TAMS 0x0000000716000000, 0x0000000716000000| Untracked 
| 199|0x0000000716100000, 0x0000000716100000, 0x0000000716200000|  0%| F|  |TAMS 0x0000000716100000, 0x0000000716100000| Untracked 
| 200|0x0000000716200000, 0x0000000716200000, 0x0000000716300000|  0%| F|  |TAMS 0x0000000716200000, 0x0000000716200000| Untracked 
| 201|0x0000000716300000, 0x0000000716300000, 0x0000000716400000|  0%| F|  |TAMS 0x0000000716300000, 0x0000000716300000| Untracked 
| 202|0x0000000716400000, 0x0000000716400000, 0x0000000716500000|  0%| F|  |TAMS 0x0000000716400000, 0x0000000716400000| Untracked 
| 203|0x0000000716500000, 0x0000000716600000, 0x0000000716600000|100%| O|  |TAMS 0x0000000716500000, 0x0000000716500000| Untracked 
| 204|0x0000000716600000, 0x0000000716600000, 0x0000000716700000|  0%| F|  |TAMS 0x0000000716600000, 0x0000000716600000| Untracked 
| 205|0x0000000716700000, 0x0000000716800000, 0x0000000716800000|100%| O|  |TAMS 0x0000000716700000, 0x0000000716700000| Untracked 
| 206|0x0000000716800000, 0x0000000716900000, 0x0000000716900000|100%| O|  |TAMS 0x0000000716800000, 0x0000000716800000| Untracked 
| 207|0x0000000716900000, 0x0000000716a00000, 0x0000000716a00000|100%| O|  |TAMS 0x0000000716900000, 0x0000000716900000| Untracked 
| 208|0x0000000716a00000, 0x0000000716b00000, 0x0000000716b00000|100%| O|  |TAMS 0x0000000716a00000, 0x0000000716a00000| Untracked 
| 209|0x0000000716b00000, 0x0000000716c00000, 0x0000000716c00000|100%| O|  |TAMS 0x0000000716b00000, 0x0000000716b00000| Untracked 
| 210|0x0000000716c00000, 0x0000000716d00000, 0x0000000716d00000|100%| O|  |TAMS 0x0000000716c00000, 0x0000000716c00000| Untracked 
| 211|0x0000000716d00000, 0x0000000716e00000, 0x0000000716e00000|100%| O|  |TAMS 0x0000000716d00000, 0x0000000716d00000| Untracked 
| 212|0x0000000716e00000, 0x0000000716f00000, 0x0000000716f00000|100%| O|  |TAMS 0x0000000716e00000, 0x0000000716e00000| Untracked 
| 213|0x0000000716f00000, 0x0000000716ffa400, 0x0000000717000000| 97%| O|  |TAMS 0x0000000716f00000, 0x0000000716f00000| Untracked 
| 214|0x0000000717000000, 0x0000000717000000, 0x0000000717100000|  0%| F|  |TAMS 0x0000000717000000, 0x0000000717000000| Untracked 
| 215|0x0000000717100000, 0x0000000717100000, 0x0000000717200000|  0%| F|  |TAMS 0x0000000717100000, 0x0000000717100000| Untracked 
| 216|0x0000000717200000, 0x0000000717200000, 0x0000000717300000|  0%| F|  |TAMS 0x0000000717200000, 0x0000000717200000| Untracked 
| 217|0x0000000717300000, 0x0000000717300000, 0x0000000717400000|  0%| F|  |TAMS 0x0000000717300000, 0x0000000717300000| Untracked 
| 218|0x0000000717400000, 0x0000000717400000, 0x0000000717500000|  0%| F|  |TAMS 0x0000000717400000, 0x0000000717400000| Untracked 
| 219|0x0000000717500000, 0x0000000717600000, 0x0000000717600000|100%| O|  |TAMS 0x0000000717500000, 0x0000000717500000| Untracked 
| 220|0x0000000717600000, 0x0000000717700000, 0x0000000717700000|100%| O|  |TAMS 0x0000000717600000, 0x0000000717600000| Untracked 
| 221|0x0000000717700000, 0x0000000717800000, 0x0000000717800000|100%| O|  |TAMS 0x0000000717700000, 0x0000000717700000| Untracked 
| 222|0x0000000717800000, 0x0000000717900000, 0x0000000717900000|100%| O|  |TAMS 0x0000000717800000, 0x0000000717800000| Untracked 
| 223|0x0000000717900000, 0x0000000717a00000, 0x0000000717a00000|100%| O|  |TAMS 0x0000000717900000, 0x0000000717900000| Untracked 
| 224|0x0000000717a00000, 0x0000000717b00000, 0x0000000717b00000|100%| O|  |TAMS 0x0000000717a00000, 0x0000000717a00000| Untracked 
| 225|0x0000000717b00000, 0x0000000717c00000, 0x0000000717c00000|100%| O|  |TAMS 0x0000000717b00000, 0x0000000717b00000| Untracked 
| 226|0x0000000717c00000, 0x0000000717d00000, 0x0000000717d00000|100%| O|  |TAMS 0x0000000717c00000, 0x0000000717c00000| Untracked 
| 227|0x0000000717d00000, 0x0000000717e00000, 0x0000000717e00000|100%| O|  |TAMS 0x0000000717d00000, 0x0000000717d00000| Untracked 
| 228|0x0000000717e00000, 0x0000000717f00000, 0x0000000717f00000|100%| O|  |TAMS 0x0000000717e00000, 0x0000000717e00000| Untracked 
| 229|0x0000000717f00000, 0x0000000718000000, 0x0000000718000000|100%| O|  |TAMS 0x0000000717f00000, 0x0000000717f00000| Untracked 
| 230|0x0000000718000000, 0x0000000718100000, 0x0000000718100000|100%| O|  |TAMS 0x0000000718000000, 0x0000000718000000| Untracked 
| 231|0x0000000718100000, 0x0000000718200000, 0x0000000718200000|100%| O|  |TAMS 0x0000000718100000, 0x0000000718100000| Untracked 
| 232|0x0000000718200000, 0x0000000718300000, 0x0000000718300000|100%| O|  |TAMS 0x0000000718200000, 0x0000000718200000| Untracked 
| 233|0x0000000718300000, 0x0000000718400000, 0x0000000718400000|100%| O|  |TAMS 0x0000000718300000, 0x0000000718300000| Untracked 
| 234|0x0000000718400000, 0x0000000718500000, 0x0000000718500000|100%| O|  |TAMS 0x0000000718400000, 0x0000000718400000| Untracked 
| 235|0x0000000718500000, 0x0000000718600000, 0x0000000718600000|100%| O|  |TAMS 0x0000000718500000, 0x0000000718500000| Untracked 
| 236|0x0000000718600000, 0x0000000718700000, 0x0000000718700000|100%| O|  |TAMS 0x0000000718600000, 0x0000000718600000| Untracked 
| 237|0x0000000718700000, 0x0000000718800000, 0x0000000718800000|100%| O|  |TAMS 0x0000000718700000, 0x0000000718700000| Untracked 
| 238|0x0000000718800000, 0x0000000718900000, 0x0000000718900000|100%| O|  |TAMS 0x0000000718800000, 0x0000000718800000| Untracked 
| 239|0x0000000718900000, 0x0000000718a00000, 0x0000000718a00000|100%| O|  |TAMS 0x0000000718900000, 0x0000000718900000| Untracked 
| 240|0x0000000718a00000, 0x0000000718b00000, 0x0000000718b00000|100%| O|  |TAMS 0x0000000718a00000, 0x0000000718a00000| Untracked 
| 241|0x0000000718b00000, 0x0000000718c00000, 0x0000000718c00000|100%| O|  |TAMS 0x0000000718b00000, 0x0000000718b00000| Untracked 
| 242|0x0000000718c00000, 0x0000000718d00000, 0x0000000718d00000|100%| O|  |TAMS 0x0000000718c00000, 0x0000000718c00000| Untracked 
| 243|0x0000000718d00000, 0x0000000718e00000, 0x0000000718e00000|100%| O|  |TAMS 0x0000000718d00000, 0x0000000718d00000| Untracked 
| 244|0x0000000718e00000, 0x0000000718f00000, 0x0000000718f00000|100%| O|  |TAMS 0x0000000718e00000, 0x0000000718e00000| Untracked 
| 245|0x0000000718f00000, 0x0000000719000000, 0x0000000719000000|100%| O|  |TAMS 0x0000000718f00000, 0x0000000718f00000| Untracked 
| 246|0x0000000719000000, 0x0000000719000000, 0x0000000719100000|  0%| F|  |TAMS 0x0000000719000000, 0x0000000719000000| Untracked 
| 247|0x0000000719100000, 0x0000000719100000, 0x0000000719200000|  0%| F|  |TAMS 0x0000000719100000, 0x0000000719100000| Untracked 
| 248|0x0000000719200000, 0x0000000719200000, 0x0000000719300000|  0%| F|  |TAMS 0x0000000719200000, 0x0000000719200000| Untracked 
| 249|0x0000000719300000, 0x0000000719300000, 0x0000000719400000|  0%| F|  |TAMS 0x0000000719300000, 0x0000000719300000| Untracked 
| 250|0x0000000719400000, 0x0000000719400000, 0x0000000719500000|  0%| F|  |TAMS 0x0000000719400000, 0x0000000719400000| Untracked 
| 251|0x0000000719500000, 0x0000000719500000, 0x0000000719600000|  0%| F|  |TAMS 0x0000000719500000, 0x0000000719500000| Untracked 
| 252|0x0000000719600000, 0x0000000719700000, 0x0000000719700000|100%| O|  |TAMS 0x0000000719600000, 0x0000000719600000| Untracked 
| 253|0x0000000719700000, 0x0000000719700000, 0x0000000719800000|  0%| F|  |TAMS 0x0000000719700000, 0x0000000719700000| Untracked 
| 254|0x0000000719800000, 0x0000000719800000, 0x0000000719900000|  0%| F|  |TAMS 0x0000000719800000, 0x0000000719800000| Untracked 
| 255|0x0000000719900000, 0x0000000719900000, 0x0000000719a00000|  0%| F|  |TAMS 0x0000000719900000, 0x0000000719900000| Untracked 
| 256|0x0000000719a00000, 0x0000000719b00000, 0x0000000719b00000|100%| O|  |TAMS 0x0000000719a00000, 0x0000000719a00000| Untracked 
| 257|0x0000000719b00000, 0x0000000719b00000, 0x0000000719c00000|  0%| F|  |TAMS 0x0000000719b00000, 0x0000000719b00000| Untracked 
| 258|0x0000000719c00000, 0x0000000719c00000, 0x0000000719d00000|  0%| F|  |TAMS 0x0000000719c00000, 0x0000000719c00000| Untracked 
| 259|0x0000000719d00000, 0x0000000719d00000, 0x0000000719e00000|  0%| F|  |TAMS 0x0000000719d00000, 0x0000000719d00000| Untracked 
| 260|0x0000000719e00000, 0x0000000719e00000, 0x0000000719f00000|  0%| F|  |TAMS 0x0000000719e00000, 0x0000000719e00000| Untracked 
| 261|0x0000000719f00000, 0x0000000719f00000, 0x000000071a000000|  0%| F|  |TAMS 0x0000000719f00000, 0x0000000719f00000| Untracked 
| 262|0x000000071a000000, 0x000000071a100000, 0x000000071a100000|100%| O|  |TAMS 0x000000071a000000, 0x000000071a000000| Untracked 
| 263|0x000000071a100000, 0x000000071a200000, 0x000000071a200000|100%| O|  |TAMS 0x000000071a100000, 0x000000071a100000| Untracked 
| 264|0x000000071a200000, 0x000000071a300000, 0x000000071a300000|100%| O|  |TAMS 0x000000071a200000, 0x000000071a200000| Untracked 
| 265|0x000000071a300000, 0x000000071a400000, 0x000000071a400000|100%| O|  |TAMS 0x000000071a300000, 0x000000071a300000| Untracked 
| 266|0x000000071a400000, 0x000000071a500000, 0x000000071a500000|100%| O|  |TAMS 0x000000071a400000, 0x000000071a400000| Untracked 
| 267|0x000000071a500000, 0x000000071a600000, 0x000000071a600000|100%| O|  |TAMS 0x000000071a500000, 0x000000071a500000| Untracked 
| 268|0x000000071a600000, 0x000000071a600000, 0x000000071a700000|  0%| F|  |TAMS 0x000000071a600000, 0x000000071a600000| Untracked 
| 269|0x000000071a700000, 0x000000071a700000, 0x000000071a800000|  0%| F|  |TAMS 0x000000071a700000, 0x000000071a700000| Untracked 
| 270|0x000000071a800000, 0x000000071a800000, 0x000000071a900000|  0%| F|  |TAMS 0x000000071a800000, 0x000000071a800000| Untracked 
| 271|0x000000071a900000, 0x000000071a900000, 0x000000071aa00000|  0%| F|  |TAMS 0x000000071a900000, 0x000000071a900000| Untracked 
| 272|0x000000071aa00000, 0x000000071aa08910, 0x000000071ab00000|  3%| S|CS|TAMS 0x000000071aa00000, 0x000000071aa00000| Complete 
| 273|0x000000071ab00000, 0x000000071ab00000, 0x000000071ac00000|  0%| F|  |TAMS 0x000000071ab00000, 0x000000071ab00000| Untracked 
| 274|0x000000071ac00000, 0x000000071ad00000, 0x000000071ad00000|100%| O|  |TAMS 0x000000071ac00000, 0x000000071ac00000| Untracked 
| 275|0x000000071ad00000, 0x000000071ad00000, 0x000000071ae00000|  0%| F|  |TAMS 0x000000071ad00000, 0x000000071ad00000| Untracked 
| 276|0x000000071ae00000, 0x000000071ae00000, 0x000000071af00000|  0%| F|  |TAMS 0x000000071ae00000, 0x000000071ae00000| Untracked 
| 277|0x000000071af00000, 0x000000071b000000, 0x000000071b000000|100%| O|  |TAMS 0x000000071af00000, 0x000000071af00000| Untracked 
| 278|0x000000071b000000, 0x000000071b100000, 0x000000071b100000|100%| O|  |TAMS 0x000000071b000000, 0x000000071b000000| Untracked 
| 279|0x000000071b100000, 0x000000071b100000, 0x000000071b200000|  0%| F|  |TAMS 0x000000071b100000, 0x000000071b100000| Untracked 
| 280|0x000000071b200000, 0x000000071b300000, 0x000000071b300000|100%| O|  |TAMS 0x000000071b200000, 0x000000071b200000| Untracked 
| 281|0x000000071b300000, 0x000000071b400000, 0x000000071b400000|100%| O|  |TAMS 0x000000071b300000, 0x000000071b300000| Untracked 
| 282|0x000000071b400000, 0x000000071b500000, 0x000000071b500000|100%| O|  |TAMS 0x000000071b400000, 0x000000071b400000| Untracked 
| 283|0x000000071b500000, 0x000000071b600000, 0x000000071b600000|100%| O|  |TAMS 0x000000071b500000, 0x000000071b500000| Untracked 
| 284|0x000000071b600000, 0x000000071b700000, 0x000000071b700000|100%| O|  |TAMS 0x000000071b600000, 0x000000071b600000| Untracked 
| 285|0x000000071b700000, 0x000000071b800000, 0x000000071b800000|100%| O|  |TAMS 0x000000071b700000, 0x000000071b700000| Untracked 
| 286|0x000000071b800000, 0x000000071b900000, 0x000000071b900000|100%| O|  |TAMS 0x000000071b800000, 0x000000071b800000| Untracked 
| 287|0x000000071b900000, 0x000000071b900000, 0x000000071ba00000|  0%| F|  |TAMS 0x000000071b900000, 0x000000071b900000| Untracked 
| 288|0x000000071ba00000, 0x000000071ba00000, 0x000000071bb00000|  0%| F|  |TAMS 0x000000071ba00000, 0x000000071ba00000| Untracked 
| 289|0x000000071bb00000, 0x000000071bc00000, 0x000000071bc00000|100%| O|  |TAMS 0x000000071bb00000, 0x000000071bb00000| Untracked 
| 290|0x000000071bc00000, 0x000000071bc00000, 0x000000071bd00000|  0%| F|  |TAMS 0x000000071bc00000, 0x000000071bc00000| Untracked 
| 291|0x000000071bd00000, 0x000000071bd00000, 0x000000071be00000|  0%| F|  |TAMS 0x000000071bd00000, 0x000000071bd00000| Untracked 
| 292|0x000000071be00000, 0x000000071be00000, 0x000000071bf00000|  0%| F|  |TAMS 0x000000071be00000, 0x000000071be00000| Untracked 
| 293|0x000000071bf00000, 0x000000071bf00000, 0x000000071c000000|  0%| F|  |TAMS 0x000000071bf00000, 0x000000071bf00000| Untracked 
| 294|0x000000071c000000, 0x000000071c000000, 0x000000071c100000|  0%| F|  |TAMS 0x000000071c000000, 0x000000071c000000| Untracked 
| 295|0x000000071c100000, 0x000000071c100000, 0x000000071c200000|  0%| F|  |TAMS 0x000000071c100000, 0x000000071c100000| Untracked 
| 296|0x000000071c200000, 0x000000071c200000, 0x000000071c300000|  0%| F|  |TAMS 0x000000071c200000, 0x000000071c200000| Untracked 
| 297|0x000000071c300000, 0x000000071c400000, 0x000000071c400000|100%| O|  |TAMS 0x000000071c300000, 0x000000071c300000| Untracked 
| 298|0x000000071c400000, 0x000000071c500000, 0x000000071c500000|100%| O|  |TAMS 0x000000071c400000, 0x000000071c400000| Untracked 
| 299|0x000000071c500000, 0x000000071c600000, 0x000000071c600000|100%| O|  |TAMS 0x000000071c500000, 0x000000071c500000| Untracked 
| 300|0x000000071c600000, 0x000000071c600000, 0x000000071c700000|  0%| F|  |TAMS 0x000000071c600000, 0x000000071c600000| Untracked 
| 301|0x000000071c700000, 0x000000071c700000, 0x000000071c800000|  0%| F|  |TAMS 0x000000071c700000, 0x000000071c700000| Untracked 
| 302|0x000000071c800000, 0x000000071c800000, 0x000000071c900000|  0%| F|  |TAMS 0x000000071c800000, 0x000000071c800000| Untracked 
| 303|0x000000071c900000, 0x000000071c900000, 0x000000071ca00000|  0%| F|  |TAMS 0x000000071c900000, 0x000000071c900000| Untracked 
| 304|0x000000071ca00000, 0x000000071ca00000, 0x000000071cb00000|  0%| F|  |TAMS 0x000000071ca00000, 0x000000071ca00000| Untracked 
| 305|0x000000071cb00000, 0x000000071cb00000, 0x000000071cc00000|  0%| F|  |TAMS 0x000000071cb00000, 0x000000071cb00000| Untracked 
| 306|0x000000071cc00000, 0x000000071cc00000, 0x000000071cd00000|  0%| F|  |TAMS 0x000000071cc00000, 0x000000071cc00000| Untracked 
| 307|0x000000071cd00000, 0x000000071cd00000, 0x000000071ce00000|  0%| F|  |TAMS 0x000000071cd00000, 0x000000071cd00000| Untracked 
| 308|0x000000071ce00000, 0x000000071ce00000, 0x000000071cf00000|  0%| F|  |TAMS 0x000000071ce00000, 0x000000071ce00000| Untracked 
| 309|0x000000071cf00000, 0x000000071cf00000, 0x000000071d000000|  0%| F|  |TAMS 0x000000071cf00000, 0x000000071cf00000| Untracked 
| 310|0x000000071d000000, 0x000000071d000000, 0x000000071d100000|  0%| F|  |TAMS 0x000000071d000000, 0x000000071d000000| Untracked 
| 311|0x000000071d100000, 0x000000071d100000, 0x000000071d200000|  0%| F|  |TAMS 0x000000071d100000, 0x000000071d100000| Untracked 
| 312|0x000000071d200000, 0x000000071d200000, 0x000000071d300000|  0%| F|  |TAMS 0x000000071d200000, 0x000000071d200000| Untracked 
| 313|0x000000071d300000, 0x000000071d300000, 0x000000071d400000|  0%| F|  |TAMS 0x000000071d300000, 0x000000071d300000| Untracked 
| 314|0x000000071d400000, 0x000000071d400000, 0x000000071d500000|  0%| F|  |TAMS 0x000000071d400000, 0x000000071d400000| Untracked 
| 315|0x000000071d500000, 0x000000071d500000, 0x000000071d600000|  0%| F|  |TAMS 0x000000071d500000, 0x000000071d500000| Untracked 
| 316|0x000000071d600000, 0x000000071d600000, 0x000000071d700000|  0%| F|  |TAMS 0x000000071d600000, 0x000000071d600000| Untracked 
| 317|0x000000071d700000, 0x000000071d700000, 0x000000071d800000|  0%| F|  |TAMS 0x000000071d700000, 0x000000071d700000| Untracked 
| 318|0x000000071d800000, 0x000000071d800000, 0x000000071d900000|  0%| F|  |TAMS 0x000000071d800000, 0x000000071d800000| Untracked 
| 319|0x000000071d900000, 0x000000071d900000, 0x000000071da00000|  0%| F|  |TAMS 0x000000071d900000, 0x000000071d900000| Untracked 
| 320|0x000000071da00000, 0x000000071da00000, 0x000000071db00000|  0%| F|  |TAMS 0x000000071da00000, 0x000000071da00000| Untracked 
| 321|0x000000071db00000, 0x000000071db00000, 0x000000071dc00000|  0%| F|  |TAMS 0x000000071db00000, 0x000000071db00000| Untracked 
| 322|0x000000071dc00000, 0x000000071dc00000, 0x000000071dd00000|  0%| F|  |TAMS 0x000000071dc00000, 0x000000071dc00000| Untracked 
| 323|0x000000071dd00000, 0x000000071dd00000, 0x000000071de00000|  0%| F|  |TAMS 0x000000071dd00000, 0x000000071dd00000| Untracked 
| 324|0x000000071de00000, 0x000000071de00000, 0x000000071df00000|  0%| F|  |TAMS 0x000000071de00000, 0x000000071de00000| Untracked 
| 325|0x000000071df00000, 0x000000071df00000, 0x000000071e000000|  0%| F|  |TAMS 0x000000071df00000, 0x000000071df00000| Untracked 
| 326|0x000000071e000000, 0x000000071e000000, 0x000000071e100000|  0%| F|  |TAMS 0x000000071e000000, 0x000000071e000000| Untracked 
| 327|0x000000071e100000, 0x000000071e100000, 0x000000071e200000|  0%| F|  |TAMS 0x000000071e100000, 0x000000071e100000| Untracked 
| 328|0x000000071e200000, 0x000000071e200000, 0x000000071e300000|  0%| F|  |TAMS 0x000000071e200000, 0x000000071e200000| Untracked 
| 329|0x000000071e300000, 0x000000071e300000, 0x000000071e400000|  0%| F|  |TAMS 0x000000071e300000, 0x000000071e300000| Untracked 
| 330|0x000000071e400000, 0x000000071e400000, 0x000000071e500000|  0%| F|  |TAMS 0x000000071e400000, 0x000000071e400000| Untracked 
| 331|0x000000071e500000, 0x000000071e500000, 0x000000071e600000|  0%| F|  |TAMS 0x000000071e500000, 0x000000071e500000| Untracked 
| 332|0x000000071e600000, 0x000000071e700000, 0x000000071e700000|100%|HS|  |TAMS 0x000000071e700000, 0x000000071e600000| Complete 
| 333|0x000000071e700000, 0x000000071e800000, 0x000000071e800000|100%|HC|  |TAMS 0x000000071e800000, 0x000000071e700000| Complete 
| 334|0x000000071e800000, 0x000000071e900000, 0x000000071e900000|100%|HC|  |TAMS 0x000000071e900000, 0x000000071e800000| Complete 
| 335|0x000000071e900000, 0x000000071ea00000, 0x000000071ea00000|100%|HC|  |TAMS 0x000000071ea00000, 0x000000071e900000| Complete 
| 336|0x000000071ea00000, 0x000000071ea00000, 0x000000071eb00000|  0%| F|  |TAMS 0x000000071ea00000, 0x000000071ea00000| Untracked 
| 337|0x000000071eb00000, 0x000000071eb00000, 0x000000071ec00000|  0%| F|  |TAMS 0x000000071eb00000, 0x000000071eb00000| Untracked 
| 338|0x000000071ec00000, 0x000000071ec00000, 0x000000071ed00000|  0%| F|  |TAMS 0x000000071ec00000, 0x000000071ec00000| Untracked 
| 339|0x000000071ed00000, 0x000000071ed00000, 0x000000071ee00000|  0%| F|  |TAMS 0x000000071ed00000, 0x000000071ed00000| Untracked 
| 340|0x000000071ee00000, 0x000000071ee00000, 0x000000071ef00000|  0%| F|  |TAMS 0x000000071ee00000, 0x000000071ee00000| Untracked 
| 341|0x000000071ef00000, 0x000000071ef00000, 0x000000071f000000|  0%| F|  |TAMS 0x000000071ef00000, 0x000000071ef00000| Untracked 
| 342|0x000000071f000000, 0x000000071f000000, 0x000000071f100000|  0%| F|  |TAMS 0x000000071f000000, 0x000000071f000000| Untracked 
| 343|0x000000071f100000, 0x000000071f100000, 0x000000071f200000|  0%| F|  |TAMS 0x000000071f100000, 0x000000071f100000| Untracked 
| 344|0x000000071f200000, 0x000000071f200000, 0x000000071f300000|  0%| F|  |TAMS 0x000000071f200000, 0x000000071f200000| Untracked 
| 345|0x000000071f300000, 0x000000071f300000, 0x000000071f400000|  0%| F|  |TAMS 0x000000071f300000, 0x000000071f300000| Untracked 
| 346|0x000000071f400000, 0x000000071f400000, 0x000000071f500000|  0%| F|  |TAMS 0x000000071f400000, 0x000000071f400000| Untracked 
| 347|0x000000071f500000, 0x000000071f500000, 0x000000071f600000|  0%| F|  |TAMS 0x000000071f500000, 0x000000071f500000| Untracked 
| 348|0x000000071f600000, 0x000000071f600000, 0x000000071f700000|  0%| F|  |TAMS 0x000000071f600000, 0x000000071f600000| Untracked 
| 349|0x000000071f700000, 0x000000071f700000, 0x000000071f800000|  0%| F|  |TAMS 0x000000071f700000, 0x000000071f700000| Untracked 
| 350|0x000000071f800000, 0x000000071f800000, 0x000000071f900000|  0%| F|  |TAMS 0x000000071f800000, 0x000000071f800000| Untracked 
| 351|0x000000071f900000, 0x000000071f900000, 0x000000071fa00000|  0%| F|  |TAMS 0x000000071f900000, 0x000000071f900000| Untracked 
| 352|0x000000071fa00000, 0x000000071fa00000, 0x000000071fb00000|  0%| F|  |TAMS 0x000000071fa00000, 0x000000071fa00000| Untracked 
| 353|0x000000071fb00000, 0x000000071fc00000, 0x000000071fc00000|100%| O|  |TAMS 0x000000071fb00000, 0x000000071fb00000| Untracked 
| 354|0x000000071fc00000, 0x000000071fc00000, 0x000000071fd00000|  0%| F|  |TAMS 0x000000071fc00000, 0x000000071fc00000| Untracked 
| 355|0x000000071fd00000, 0x000000071fe00000, 0x000000071fe00000|100%| O|  |TAMS 0x000000071fd00000, 0x000000071fd00000| Untracked 
| 356|0x000000071fe00000, 0x000000071fe00000, 0x000000071ff00000|  0%| F|  |TAMS 0x000000071fe00000, 0x000000071fe00000| Untracked 
| 357|0x000000071ff00000, 0x000000071ff00000, 0x0000000720000000|  0%| F|  |TAMS 0x000000071ff00000, 0x000000071ff00000| Untracked 
| 358|0x0000000720000000, 0x0000000720000000, 0x0000000720100000|  0%| F|  |TAMS 0x0000000720000000, 0x0000000720000000| Untracked 
| 359|0x0000000720100000, 0x0000000720100000, 0x0000000720200000|  0%| F|  |TAMS 0x0000000720100000, 0x0000000720100000| Untracked 
| 360|0x0000000720200000, 0x0000000720200000, 0x0000000720300000|  0%| F|  |TAMS 0x0000000720200000, 0x0000000720200000| Untracked 
| 361|0x0000000720300000, 0x0000000720300000, 0x0000000720400000|  0%| F|  |TAMS 0x0000000720300000, 0x0000000720300000| Untracked 
| 362|0x0000000720400000, 0x0000000720400000, 0x0000000720500000|  0%| F|  |TAMS 0x0000000720400000, 0x0000000720400000| Untracked 
| 363|0x0000000720500000, 0x0000000720500000, 0x0000000720600000|  0%| F|  |TAMS 0x0000000720500000, 0x0000000720500000| Untracked 
| 364|0x0000000720600000, 0x0000000720600000, 0x0000000720700000|  0%| F|  |TAMS 0x0000000720600000, 0x0000000720600000| Untracked 
| 365|0x0000000720700000, 0x0000000720700000, 0x0000000720800000|  0%| F|  |TAMS 0x0000000720700000, 0x0000000720700000| Untracked 
| 366|0x0000000720800000, 0x0000000720800000, 0x0000000720900000|  0%| F|  |TAMS 0x0000000720800000, 0x0000000720800000| Untracked 
| 367|0x0000000720900000, 0x0000000720900000, 0x0000000720a00000|  0%| F|  |TAMS 0x0000000720900000, 0x0000000720900000| Untracked 
| 368|0x0000000720a00000, 0x0000000720a00000, 0x0000000720b00000|  0%| F|  |TAMS 0x0000000720a00000, 0x0000000720a00000| Untracked 
| 369|0x0000000720b00000, 0x0000000720b00000, 0x0000000720c00000|  0%| F|  |TAMS 0x0000000720b00000, 0x0000000720b00000| Untracked 
| 370|0x0000000720c00000, 0x0000000720c00000, 0x0000000720d00000|  0%| F|  |TAMS 0x0000000720c00000, 0x0000000720c00000| Untracked 
| 371|0x0000000720d00000, 0x0000000720d00000, 0x0000000720e00000|  0%| F|  |TAMS 0x0000000720d00000, 0x0000000720d00000| Untracked 
| 372|0x0000000720e00000, 0x0000000720e00000, 0x0000000720f00000|  0%| F|  |TAMS 0x0000000720e00000, 0x0000000720e00000| Untracked 
| 373|0x0000000720f00000, 0x0000000720f00000, 0x0000000721000000|  0%| F|  |TAMS 0x0000000720f00000, 0x0000000720f00000| Untracked 
| 374|0x0000000721000000, 0x0000000721000000, 0x0000000721100000|  0%| F|  |TAMS 0x0000000721000000, 0x0000000721000000| Untracked 
| 375|0x0000000721100000, 0x0000000721100000, 0x0000000721200000|  0%| F|  |TAMS 0x0000000721100000, 0x0000000721100000| Untracked 
| 376|0x0000000721200000, 0x0000000721200000, 0x0000000721300000|  0%| F|  |TAMS 0x0000000721200000, 0x0000000721200000| Untracked 
| 377|0x0000000721300000, 0x0000000721300000, 0x0000000721400000|  0%| F|  |TAMS 0x0000000721300000, 0x0000000721300000| Untracked 
| 378|0x0000000721400000, 0x0000000721400000, 0x0000000721500000|  0%| F|  |TAMS 0x0000000721400000, 0x0000000721400000| Untracked 
| 379|0x0000000721500000, 0x0000000721500000, 0x0000000721600000|  0%| F|  |TAMS 0x0000000721500000, 0x0000000721500000| Untracked 
| 380|0x0000000721600000, 0x0000000721600000, 0x0000000721700000|  0%| F|  |TAMS 0x0000000721600000, 0x0000000721600000| Untracked 
| 381|0x0000000721700000, 0x0000000721700000, 0x0000000721800000|  0%| F|  |TAMS 0x0000000721700000, 0x0000000721700000| Untracked 
| 382|0x0000000721800000, 0x0000000721800000, 0x0000000721900000|  0%| F|  |TAMS 0x0000000721800000, 0x0000000721800000| Untracked 
| 383|0x0000000721900000, 0x0000000721900000, 0x0000000721a00000|  0%| F|  |TAMS 0x0000000721900000, 0x0000000721900000| Untracked 
| 384|0x0000000721a00000, 0x0000000721a00000, 0x0000000721b00000|  0%| F|  |TAMS 0x0000000721a00000, 0x0000000721a00000| Untracked 
| 385|0x0000000721b00000, 0x0000000721b00000, 0x0000000721c00000|  0%| F|  |TAMS 0x0000000721b00000, 0x0000000721b00000| Untracked 
| 386|0x0000000721c00000, 0x0000000721c00000, 0x0000000721d00000|  0%| F|  |TAMS 0x0000000721c00000, 0x0000000721c00000| Untracked 
| 387|0x0000000721d00000, 0x0000000721e00000, 0x0000000721e00000|100%| O|  |TAMS 0x0000000721d01c00, 0x0000000721d00000| Untracked 
| 388|0x0000000721e00000, 0x0000000721f00000, 0x0000000721f00000|100%| O|  |TAMS 0x0000000721e00000, 0x0000000721e00000| Untracked 
| 389|0x0000000721f00000, 0x0000000722000000, 0x0000000722000000|100%| O|  |TAMS 0x0000000721f00000, 0x0000000721f00000| Untracked 
| 390|0x0000000722000000, 0x0000000722100000, 0x0000000722100000|100%| O|  |TAMS 0x0000000722000000, 0x0000000722000000| Untracked 
| 391|0x0000000722100000, 0x0000000722200000, 0x0000000722200000|100%| O|  |TAMS 0x0000000722100000, 0x0000000722100000| Untracked 
| 392|0x0000000722200000, 0x0000000722200000, 0x0000000722300000|  0%| F|  |TAMS 0x0000000722200000, 0x0000000722200000| Untracked 
| 393|0x0000000722300000, 0x0000000722300000, 0x0000000722400000|  0%| F|  |TAMS 0x0000000722300000, 0x0000000722300000| Untracked 
| 394|0x0000000722400000, 0x0000000722400000, 0x0000000722500000|  0%| F|  |TAMS 0x0000000722400000, 0x0000000722400000| Untracked 
| 395|0x0000000722500000, 0x0000000722500000, 0x0000000722600000|  0%| F|  |TAMS 0x0000000722500000, 0x0000000722500000| Untracked 
| 396|0x0000000722600000, 0x0000000722600000, 0x0000000722700000|  0%| F|  |TAMS 0x0000000722600000, 0x0000000722600000| Untracked 
| 397|0x0000000722700000, 0x0000000722700000, 0x0000000722800000|  0%| F|  |TAMS 0x0000000722700000, 0x0000000722700000| Untracked 
| 398|0x0000000722800000, 0x0000000722800000, 0x0000000722900000|  0%| F|  |TAMS 0x0000000722800000, 0x0000000722800000| Untracked 
| 399|0x0000000722900000, 0x0000000722900000, 0x0000000722a00000|  0%| F|  |TAMS 0x0000000722900000, 0x0000000722900000| Untracked 
| 400|0x0000000722a00000, 0x0000000722a00000, 0x0000000722b00000|  0%| F|  |TAMS 0x0000000722a00000, 0x0000000722a00000| Untracked 
| 401|0x0000000722b00000, 0x0000000722b00000, 0x0000000722c00000|  0%| F|  |TAMS 0x0000000722b00000, 0x0000000722b00000| Untracked 
| 402|0x0000000722c00000, 0x0000000722c00000, 0x0000000722d00000|  0%| F|  |TAMS 0x0000000722c00000, 0x0000000722c00000| Untracked 
| 403|0x0000000722d00000, 0x0000000722d00000, 0x0000000722e00000|  0%| F|  |TAMS 0x0000000722d00000, 0x0000000722d00000| Untracked 
| 404|0x0000000722e00000, 0x0000000722e00000, 0x0000000722f00000|  0%| F|  |TAMS 0x0000000722e00000, 0x0000000722e00000| Untracked 
| 405|0x0000000722f00000, 0x0000000722f00000, 0x0000000723000000|  0%| F|  |TAMS 0x0000000722f00000, 0x0000000722f00000| Untracked 
| 406|0x0000000723000000, 0x0000000723000000, 0x0000000723100000|  0%| F|  |TAMS 0x0000000723000000, 0x0000000723000000| Untracked 
| 407|0x0000000723100000, 0x0000000723100000, 0x0000000723200000|  0%| F|  |TAMS 0x0000000723100000, 0x0000000723100000| Untracked 
| 408|0x0000000723200000, 0x0000000723200000, 0x0000000723300000|  0%| F|  |TAMS 0x0000000723200000, 0x0000000723200000| Untracked 
| 409|0x0000000723300000, 0x0000000723300000, 0x0000000723400000|  0%| F|  |TAMS 0x0000000723300000, 0x0000000723300000| Untracked 
| 410|0x0000000723400000, 0x0000000723400000, 0x0000000723500000|  0%| F|  |TAMS 0x0000000723400000, 0x0000000723400000| Untracked 
| 411|0x0000000723500000, 0x0000000723500000, 0x0000000723600000|  0%| F|  |TAMS 0x0000000723500000, 0x0000000723500000| Untracked 
| 412|0x0000000723600000, 0x0000000723600000, 0x0000000723700000|  0%| F|  |TAMS 0x0000000723600000, 0x0000000723600000| Untracked 
| 413|0x0000000723700000, 0x0000000723700000, 0x0000000723800000|  0%| F|  |TAMS 0x0000000723700000, 0x0000000723700000| Untracked 
| 414|0x0000000723800000, 0x0000000723800000, 0x0000000723900000|  0%| F|  |TAMS 0x0000000723800000, 0x0000000723800000| Untracked 
| 415|0x0000000723900000, 0x0000000723900000, 0x0000000723a00000|  0%| F|  |TAMS 0x0000000723900000, 0x0000000723900000| Untracked 
| 416|0x0000000723a00000, 0x0000000723a00000, 0x0000000723b00000|  0%| F|  |TAMS 0x0000000723a00000, 0x0000000723a00000| Untracked 
| 417|0x0000000723b00000, 0x0000000723b00000, 0x0000000723c00000|  0%| F|  |TAMS 0x0000000723b00000, 0x0000000723b00000| Untracked 
| 418|0x0000000723c00000, 0x0000000723c00000, 0x0000000723d00000|  0%| F|  |TAMS 0x0000000723c00000, 0x0000000723c00000| Untracked 
| 419|0x0000000723d00000, 0x0000000723d00000, 0x0000000723e00000|  0%| F|  |TAMS 0x0000000723d00000, 0x0000000723d00000| Untracked 
| 420|0x0000000723e00000, 0x0000000723e00000, 0x0000000723f00000|  0%| F|  |TAMS 0x0000000723e00000, 0x0000000723e00000| Untracked 
| 421|0x0000000723f00000, 0x0000000723f00000, 0x0000000724000000|  0%| F|  |TAMS 0x0000000723f00000, 0x0000000723f00000| Untracked 
| 422|0x0000000724000000, 0x0000000724000000, 0x0000000724100000|  0%| F|  |TAMS 0x0000000724000000, 0x0000000724000000| Untracked 
| 423|0x0000000724100000, 0x0000000724100000, 0x0000000724200000|  0%| F|  |TAMS 0x0000000724100000, 0x0000000724100000| Untracked 
| 424|0x0000000724200000, 0x0000000724200000, 0x0000000724300000|  0%| F|  |TAMS 0x0000000724200000, 0x0000000724200000| Untracked 
| 425|0x0000000724300000, 0x0000000724300000, 0x0000000724400000|  0%| F|  |TAMS 0x0000000724300000, 0x0000000724300000| Untracked 
| 426|0x0000000724400000, 0x0000000724400000, 0x0000000724500000|  0%| F|  |TAMS 0x0000000724400000, 0x0000000724400000| Untracked 
| 427|0x0000000724500000, 0x0000000724500000, 0x0000000724600000|  0%| F|  |TAMS 0x0000000724500000, 0x0000000724500000| Untracked 
| 428|0x0000000724600000, 0x0000000724600000, 0x0000000724700000|  0%| F|  |TAMS 0x0000000724600000, 0x0000000724600000| Untracked 
| 429|0x0000000724700000, 0x0000000724700000, 0x0000000724800000|  0%| F|  |TAMS 0x0000000724700000, 0x0000000724700000| Untracked 
| 430|0x0000000724800000, 0x0000000724800000, 0x0000000724900000|  0%| F|  |TAMS 0x0000000724800000, 0x0000000724800000| Untracked 
| 431|0x0000000724900000, 0x0000000724900000, 0x0000000724a00000|  0%| F|  |TAMS 0x0000000724900000, 0x0000000724900000| Untracked 
| 432|0x0000000724a00000, 0x0000000724a00000, 0x0000000724b00000|  0%| F|  |TAMS 0x0000000724a00000, 0x0000000724a00000| Untracked 
| 433|0x0000000724b00000, 0x0000000724b00000, 0x0000000724c00000|  0%| F|  |TAMS 0x0000000724b00000, 0x0000000724b00000| Untracked 
| 434|0x0000000724c00000, 0x0000000724c00000, 0x0000000724d00000|  0%| F|  |TAMS 0x0000000724c00000, 0x0000000724c00000| Untracked 
| 435|0x0000000724d00000, 0x0000000724d00000, 0x0000000724e00000|  0%| F|  |TAMS 0x0000000724d00000, 0x0000000724d00000| Untracked 
| 436|0x0000000724e00000, 0x0000000724e00000, 0x0000000724f00000|  0%| F|  |TAMS 0x0000000724e00000, 0x0000000724e00000| Untracked 
| 437|0x0000000724f00000, 0x0000000724f00000, 0x0000000725000000|  0%| F|  |TAMS 0x0000000724f00000, 0x0000000724f00000| Untracked 
| 438|0x0000000725000000, 0x0000000725000000, 0x0000000725100000|  0%| F|  |TAMS 0x0000000725000000, 0x0000000725000000| Untracked 
| 439|0x0000000725100000, 0x0000000725100000, 0x0000000725200000|  0%| F|  |TAMS 0x0000000725100000, 0x0000000725100000| Untracked 
| 440|0x0000000725200000, 0x0000000725200000, 0x0000000725300000|  0%| F|  |TAMS 0x0000000725200000, 0x0000000725200000| Untracked 
| 441|0x0000000725300000, 0x0000000725300000, 0x0000000725400000|  0%| F|  |TAMS 0x0000000725300000, 0x0000000725300000| Untracked 
| 442|0x0000000725400000, 0x0000000725400000, 0x0000000725500000|  0%| F|  |TAMS 0x0000000725400000, 0x0000000725400000| Untracked 
| 443|0x0000000725500000, 0x0000000725500000, 0x0000000725600000|  0%| F|  |TAMS 0x0000000725500000, 0x0000000725500000| Untracked 
| 444|0x0000000725600000, 0x0000000725600000, 0x0000000725700000|  0%| F|  |TAMS 0x0000000725600000, 0x0000000725600000| Untracked 
| 445|0x0000000725700000, 0x0000000725700000, 0x0000000725800000|  0%| F|  |TAMS 0x0000000725700000, 0x0000000725700000| Untracked 
| 446|0x0000000725800000, 0x0000000725800000, 0x0000000725900000|  0%| F|  |TAMS 0x0000000725800000, 0x0000000725800000| Untracked 
| 447|0x0000000725900000, 0x0000000725900000, 0x0000000725a00000|  0%| F|  |TAMS 0x0000000725900000, 0x0000000725900000| Untracked 
| 448|0x0000000725a00000, 0x0000000725a00000, 0x0000000725b00000|  0%| F|  |TAMS 0x0000000725a00000, 0x0000000725a00000| Untracked 
| 449|0x0000000725b00000, 0x0000000725b00000, 0x0000000725c00000|  0%| F|  |TAMS 0x0000000725b00000, 0x0000000725b00000| Untracked 
| 450|0x0000000725c00000, 0x0000000725c00000, 0x0000000725d00000|  0%| F|  |TAMS 0x0000000725c00000, 0x0000000725c00000| Untracked 
| 451|0x0000000725d00000, 0x0000000725d00000, 0x0000000725e00000|  0%| F|  |TAMS 0x0000000725d00000, 0x0000000725d00000| Untracked 
| 452|0x0000000725e00000, 0x0000000725e00000, 0x0000000725f00000|  0%| F|  |TAMS 0x0000000725e00000, 0x0000000725e00000| Untracked 
| 453|0x0000000725f00000, 0x0000000725f00000, 0x0000000726000000|  0%| F|  |TAMS 0x0000000725f00000, 0x0000000725f00000| Untracked 
| 454|0x0000000726000000, 0x0000000726000000, 0x0000000726100000|  0%| F|  |TAMS 0x0000000726000000, 0x0000000726000000| Untracked 
| 455|0x0000000726100000, 0x0000000726100000, 0x0000000726200000|  0%| F|  |TAMS 0x0000000726100000, 0x0000000726100000| Untracked 
| 456|0x0000000726200000, 0x0000000726200000, 0x0000000726300000|  0%| F|  |TAMS 0x0000000726200000, 0x0000000726200000| Untracked 
| 457|0x0000000726300000, 0x0000000726300000, 0x0000000726400000|  0%| F|  |TAMS 0x0000000726300000, 0x0000000726300000| Untracked 
| 458|0x0000000726400000, 0x0000000726400000, 0x0000000726500000|  0%| F|  |TAMS 0x0000000726400000, 0x0000000726400000| Untracked 
| 459|0x0000000726500000, 0x0000000726500000, 0x0000000726600000|  0%| F|  |TAMS 0x0000000726500000, 0x0000000726500000| Untracked 
| 460|0x0000000726600000, 0x0000000726600000, 0x0000000726700000|  0%| F|  |TAMS 0x0000000726600000, 0x0000000726600000| Untracked 
| 461|0x0000000726700000, 0x0000000726700000, 0x0000000726800000|  0%| F|  |TAMS 0x0000000726700000, 0x0000000726700000| Untracked 
| 462|0x0000000726800000, 0x0000000726800000, 0x0000000726900000|  0%| F|  |TAMS 0x0000000726800000, 0x0000000726800000| Untracked 
| 463|0x0000000726900000, 0x0000000726900000, 0x0000000726a00000|  0%| F|  |TAMS 0x0000000726900000, 0x0000000726900000| Untracked 
| 464|0x0000000726a00000, 0x0000000726a00000, 0x0000000726b00000|  0%| F|  |TAMS 0x0000000726a00000, 0x0000000726a00000| Untracked 
| 465|0x0000000726b00000, 0x0000000726b00000, 0x0000000726c00000|  0%| F|  |TAMS 0x0000000726b00000, 0x0000000726b00000| Untracked 
| 466|0x0000000726c00000, 0x0000000726c00000, 0x0000000726d00000|  0%| F|  |TAMS 0x0000000726c00000, 0x0000000726c00000| Untracked 
| 467|0x0000000726d00000, 0x0000000726d00000, 0x0000000726e00000|  0%| F|  |TAMS 0x0000000726d00000, 0x0000000726d00000| Untracked 
| 468|0x0000000726e00000, 0x0000000726e00000, 0x0000000726f00000|  0%| F|  |TAMS 0x0000000726e00000, 0x0000000726e00000| Untracked 
| 469|0x0000000726f00000, 0x0000000726f00000, 0x0000000727000000|  0%| F|  |TAMS 0x0000000726f00000, 0x0000000726f00000| Untracked 
| 470|0x0000000727000000, 0x0000000727000000, 0x0000000727100000|  0%| F|  |TAMS 0x0000000727000000, 0x0000000727000000| Untracked 
| 471|0x0000000727100000, 0x0000000727100000, 0x0000000727200000|  0%| F|  |TAMS 0x0000000727100000, 0x0000000727100000| Untracked 
| 472|0x0000000727200000, 0x0000000727200000, 0x0000000727300000|  0%| F|  |TAMS 0x0000000727200000, 0x0000000727200000| Untracked 
| 473|0x0000000727300000, 0x0000000727300000, 0x0000000727400000|  0%| F|  |TAMS 0x0000000727300000, 0x0000000727300000| Untracked 
| 474|0x0000000727400000, 0x0000000727400000, 0x0000000727500000|  0%| F|  |TAMS 0x0000000727400000, 0x0000000727400000| Untracked 
| 475|0x0000000727500000, 0x0000000727500000, 0x0000000727600000|  0%| F|  |TAMS 0x0000000727500000, 0x0000000727500000| Untracked 
| 476|0x0000000727600000, 0x0000000727600000, 0x0000000727700000|  0%| F|  |TAMS 0x0000000727600000, 0x0000000727600000| Untracked 
| 477|0x0000000727700000, 0x0000000727700000, 0x0000000727800000|  0%| F|  |TAMS 0x0000000727700000, 0x0000000727700000| Untracked 
| 478|0x0000000727800000, 0x0000000727800000, 0x0000000727900000|  0%| F|  |TAMS 0x0000000727800000, 0x0000000727800000| Untracked 
| 479|0x0000000727900000, 0x0000000727900000, 0x0000000727a00000|  0%| F|  |TAMS 0x0000000727900000, 0x0000000727900000| Untracked 
| 480|0x0000000727a00000, 0x0000000727a00000, 0x0000000727b00000|  0%| F|  |TAMS 0x0000000727a00000, 0x0000000727a00000| Untracked 
| 481|0x0000000727b00000, 0x0000000727b00000, 0x0000000727c00000|  0%| F|  |TAMS 0x0000000727b00000, 0x0000000727b00000| Untracked 
| 482|0x0000000727c00000, 0x0000000727c00000, 0x0000000727d00000|  0%| F|  |TAMS 0x0000000727c00000, 0x0000000727c00000| Untracked 
| 483|0x0000000727d00000, 0x0000000727d00000, 0x0000000727e00000|  0%| F|  |TAMS 0x0000000727d00000, 0x0000000727d00000| Untracked 
| 484|0x0000000727e00000, 0x0000000727e00000, 0x0000000727f00000|  0%| F|  |TAMS 0x0000000727e00000, 0x0000000727e00000| Untracked 
| 485|0x0000000727f00000, 0x0000000727f00000, 0x0000000728000000|  0%| F|  |TAMS 0x0000000727f00000, 0x0000000727f00000| Untracked 
| 486|0x0000000728000000, 0x0000000728000000, 0x0000000728100000|  0%| F|  |TAMS 0x0000000728000000, 0x0000000728000000| Untracked 
| 487|0x0000000728100000, 0x0000000728100000, 0x0000000728200000|  0%| F|  |TAMS 0x0000000728100000, 0x0000000728100000| Untracked 
| 488|0x0000000728200000, 0x0000000728200000, 0x0000000728300000|  0%| F|  |TAMS 0x0000000728200000, 0x0000000728200000| Untracked 
| 489|0x0000000728300000, 0x0000000728300000, 0x0000000728400000|  0%| F|  |TAMS 0x0000000728300000, 0x0000000728300000| Untracked 
| 490|0x0000000728400000, 0x0000000728400000, 0x0000000728500000|  0%| F|  |TAMS 0x0000000728400000, 0x0000000728400000| Untracked 
| 491|0x0000000728500000, 0x0000000728500000, 0x0000000728600000|  0%| F|  |TAMS 0x0000000728500000, 0x0000000728500000| Untracked 
| 492|0x0000000728600000, 0x0000000728600000, 0x0000000728700000|  0%| F|  |TAMS 0x0000000728600000, 0x0000000728600000| Untracked 
| 493|0x0000000728700000, 0x0000000728700000, 0x0000000728800000|  0%| F|  |TAMS 0x0000000728700000, 0x0000000728700000| Untracked 
| 494|0x0000000728800000, 0x0000000728800000, 0x0000000728900000|  0%| F|  |TAMS 0x0000000728800000, 0x0000000728800000| Untracked 
| 495|0x0000000728900000, 0x0000000728900000, 0x0000000728a00000|  0%| F|  |TAMS 0x0000000728900000, 0x0000000728900000| Untracked 
| 496|0x0000000728a00000, 0x0000000728a00000, 0x0000000728b00000|  0%| F|  |TAMS 0x0000000728a00000, 0x0000000728a00000| Untracked 
| 497|0x0000000728b00000, 0x0000000728b00000, 0x0000000728c00000|  0%| F|  |TAMS 0x0000000728b00000, 0x0000000728b00000| Untracked 
| 498|0x0000000728c00000, 0x0000000728c00000, 0x0000000728d00000|  0%| F|  |TAMS 0x0000000728c00000, 0x0000000728c00000| Untracked 
| 499|0x0000000728d00000, 0x0000000728d00000, 0x0000000728e00000|  0%| F|  |TAMS 0x0000000728d00000, 0x0000000728d00000| Untracked 
| 500|0x0000000728e00000, 0x0000000728e00000, 0x0000000728f00000|  0%| F|  |TAMS 0x0000000728e00000, 0x0000000728e00000| Untracked 
| 501|0x0000000728f00000, 0x0000000728f00000, 0x0000000729000000|  0%| F|  |TAMS 0x0000000728f00000, 0x0000000728f00000| Untracked 
| 502|0x0000000729000000, 0x0000000729000000, 0x0000000729100000|  0%| F|  |TAMS 0x0000000729000000, 0x0000000729000000| Untracked 
| 503|0x0000000729100000, 0x0000000729100000, 0x0000000729200000|  0%| F|  |TAMS 0x0000000729100000, 0x0000000729100000| Untracked 
| 504|0x0000000729200000, 0x0000000729200000, 0x0000000729300000|  0%| F|  |TAMS 0x0000000729200000, 0x0000000729200000| Untracked 
| 505|0x0000000729300000, 0x0000000729300000, 0x0000000729400000|  0%| F|  |TAMS 0x0000000729300000, 0x0000000729300000| Untracked 
| 506|0x0000000729400000, 0x0000000729400000, 0x0000000729500000|  0%| F|  |TAMS 0x0000000729400000, 0x0000000729400000| Untracked 
| 507|0x0000000729500000, 0x0000000729500000, 0x0000000729600000|  0%| F|  |TAMS 0x0000000729500000, 0x0000000729500000| Untracked 
| 508|0x0000000729600000, 0x0000000729600000, 0x0000000729700000|  0%| F|  |TAMS 0x0000000729600000, 0x0000000729600000| Untracked 
| 509|0x0000000729700000, 0x0000000729700000, 0x0000000729800000|  0%| F|  |TAMS 0x0000000729700000, 0x0000000729700000| Untracked 
| 510|0x0000000729800000, 0x0000000729800000, 0x0000000729900000|  0%| F|  |TAMS 0x0000000729800000, 0x0000000729800000| Untracked 
| 511|0x0000000729900000, 0x0000000729900000, 0x0000000729a00000|  0%| F|  |TAMS 0x0000000729900000, 0x0000000729900000| Untracked 
| 512|0x0000000729a00000, 0x0000000729a00000, 0x0000000729b00000|  0%| F|  |TAMS 0x0000000729a00000, 0x0000000729a00000| Untracked 
| 513|0x0000000729b00000, 0x0000000729b00000, 0x0000000729c00000|  0%| F|  |TAMS 0x0000000729b00000, 0x0000000729b00000| Untracked 
| 514|0x0000000729c00000, 0x0000000729c00000, 0x0000000729d00000|  0%| F|  |TAMS 0x0000000729c00000, 0x0000000729c00000| Untracked 
| 515|0x0000000729d00000, 0x0000000729d00000, 0x0000000729e00000|  0%| F|  |TAMS 0x0000000729d00000, 0x0000000729d00000| Untracked 
| 516|0x0000000729e00000, 0x0000000729e00000, 0x0000000729f00000|  0%| F|  |TAMS 0x0000000729e00000, 0x0000000729e00000| Untracked 
| 517|0x0000000729f00000, 0x0000000729f00000, 0x000000072a000000|  0%| F|  |TAMS 0x0000000729f00000, 0x0000000729f00000| Untracked 

Card table byte_map: [0x00000232c1790000,0x00000232c1f50000] _byte_map_base: 0x00000232bdf43000

Marking Bits (Prev, Next): (CMBitMap*) 0x00000232a92128b0, (CMBitMap*) 0x00000232a9212878
 Prev Bits: [0x00000232c64b0000, 0x00000232ca248000)
 Next Bits: [0x00000232c2710000, 0x00000232c64a8000)

Polling page: 0x00000232a92a0000

Metaspace:

Usage:
  Non-class:      5.83 MB capacity,     5.74 MB ( 98%) used,    88.89 KB (  1%) free+waste,     5.00 KB ( <1%) overhead. 
      Class:    547.00 KB capacity,   533.95 KB ( 98%) used,    11.05 KB (  2%) free+waste,     2.00 KB ( <1%) overhead. 
       Both:      6.37 MB capacity,     6.26 MB ( 98%) used,    99.94 KB (  2%) free+waste,     7.00 KB ( <1%) overhead. 

Virtual space:
  Non-class space:        8.00 MB reserved,       6.00 MB ( 75%) committed 
      Class space:        1.00 GB reserved,     640.00 KB ( <1%) committed 
             Both:        1.01 GB reserved,       6.63 MB ( <1%) committed 

Chunk freelists:
   Non-Class:  5.50 KB
       Class:  0 bytes
        Both:  5.50 KB

CodeHeap 'non-profiled nmethods': size=120000Kb used=476Kb max_used=485Kb free=119524Kb
 bounds [0x00000232b9040000, 0x00000232b92b0000, 0x00000232c0570000]
CodeHeap 'profiled nmethods': size=120000Kb used=563Kb max_used=1145Kb free=119436Kb
 bounds [0x00000232b1b10000, 0x00000232b1d80000, 0x00000232b9040000]
CodeHeap 'non-nmethods': size=5760Kb used=1042Kb max_used=1068Kb free=4718Kb
 bounds [0x00000232b1570000, 0x00000232b17e0000, 0x00000232b1b10000]
 total_blobs=1216 nmethods=473 adapters=225
 compilation: enabled
              stopped_count=0, restarted_count=0
 full_count=0

Compilation events (10 events):
Event: 432.806 Thread 0x00000232cd6a5800  594 % !   4       jdk.internal.ref.CleanerImpl::run @ 20 (90 bytes)
Event: 432.837 Thread 0x00000232cd6a5800 nmethod 594% 0x00000232b90b8690 code [0x00000232b90b8860, 0x00000232b90b9378]
Event: 468.039 Thread 0x00000232cd651800  595 %     3       com.nagarro.training.advancejava.assignment1.MultiThreading::updateResult @ 29 (179 bytes)
Event: 468.043 Thread 0x00000232cd651800 nmethod 595% 0x00000232b1c22c90 code [0x00000232b1c23120, 0x00000232b1c257b0]
Event: 469.052 Thread 0x00000232cd651800  596       3       java.util.TimSort::<init> (181 bytes)
Event: 469.054 Thread 0x00000232cd651800 nmethod 596 0x00000232b1c2e490 code [0x00000232b1c2e6c0, 0x00000232b1c2f160]
Event: 502.546 Thread 0x00000232cd6a5800  597 %     4       com.nagarro.training.advancejava.assignment1.MultiThreading::updateResult @ 29 (179 bytes)
Event: 502.583 Thread 0x00000232cd6a5800 nmethod 597% 0x00000232b9071d90 code [0x00000232b9071fe0, 0x00000232b9072d60]
Event: 541.744 Thread 0x00000232cd6a5800  598       4       java.util.TimSort::<init> (181 bytes)
Event: 541.756 Thread 0x00000232cd6a5800 nmethod 598 0x00000232b9071110 code [0x00000232b90712c0, 0x00000232b9071af8]

GC Heap History (10 events):
Event: 13118.358 GC heap after
{Heap after GC invocations=46813 (full 0):
 garbage-first heap   total 440320K, used 356603K [0x0000000709a00000, 0x0000000800000000)
  region size 1024K, 1 young (1024K), 1 survivors (1024K)
 Metaspace       used 6412K, capacity 6519K, committed 6784K, reserved 1056768K
  class space    used 533K, capacity 547K, committed 640K, reserved 1048576K
}
Event: 13118.432 GC heap before
{Heap before GC invocations=46813 (full 0):
 garbage-first heap   total 440320K, used 377083K [0x0000000709a00000, 0x0000000800000000)
  region size 1024K, 21 young (21504K), 1 survivors (1024K)
 Metaspace       used 6412K, capacity 6519K, committed 6784K, reserved 1056768K
  class space    used 533K, capacity 547K, committed 640K, reserved 1048576K
}
Event: 13118.451 GC heap after
{Heap after GC invocations=46814 (full 0):
 garbage-first heap   total 530432K, used 325324K [0x0000000709a00000, 0x0000000800000000)
  region size 1024K, 1 young (1024K), 1 survivors (1024K)
 Metaspace       used 6412K, capacity 6519K, committed 6784K, reserved 1056768K
  class space    used 533K, capacity 547K, committed 640K, reserved 1048576K
}
Event: 13118.554 GC heap before
{Heap before GC invocations=46814 (full 0):
 garbage-first heap   total 530432K, used 349900K [0x0000000709a00000, 0x0000000800000000)
  region size 1024K, 25 young (25600K), 1 survivors (1024K)
 Metaspace       used 6412K, capacity 6519K, committed 6784K, reserved 1056768K
  class space    used 533K, capacity 547K, committed 640K, reserved 1048576K
}
Event: 13118.567 GC heap after
{Heap after GC invocations=46815 (full 0):
 garbage-first heap   total 530432K, used 291863K [0x0000000709a00000, 0x0000000800000000)
  region size 1024K, 1 young (1024K), 1 survivors (1024K)
 Metaspace       used 6412K, capacity 6519K, committed 6784K, reserved 1056768K
  class space    used 533K, capacity 547K, committed 640K, reserved 1048576K
}
Event: 13118.647 GC heap before
{Heap before GC invocations=46815 (full 0):
 garbage-first heap   total 530432K, used 316439K [0x0000000709a00000, 0x0000000800000000)
  region size 1024K, 25 young (25600K), 1 survivors (1024K)
 Metaspace       used 6412K, capacity 6519K, committed 6784K, reserved 1056768K
  class space    used 533K, capacity 547K, committed 640K, reserved 1048576K
}
Event: 13118.663 GC heap after
{Heap after GC invocations=46816 (full 0):
 garbage-first heap   total 530432K, used 262168K [0x0000000709a00000, 0x0000000800000000)
  region size 1024K, 1 young (1024K), 1 survivors (1024K)
 Metaspace       used 6412K, capacity 6519K, committed 6784K, reserved 1056768K
  class space    used 533K, capacity 547K, committed 640K, reserved 1048576K
}
Event: 13118.739 GC heap before
{Heap before GC invocations=46816 (full 0):
 garbage-first heap   total 530432K, used 286744K [0x0000000709a00000, 0x0000000800000000)
  region size 1024K, 25 young (25600K), 1 survivors (1024K)
 Metaspace       used 6412K, capacity 6519K, committed 6784K, reserved 1056768K
  class space    used 533K, capacity 547K, committed 640K, reserved 1048576K
}
Event: 13118.753 GC heap after
{Heap after GC invocations=46817 (full 0):
 garbage-first heap   total 530432K, used 245273K [0x0000000709a00000, 0x0000000800000000)
  region size 1024K, 1 young (1024K), 1 survivors (1024K)
 Metaspace       used 6412K, capacity 6519K, committed 6784K, reserved 1056768K
  class space    used 533K, capacity 547K, committed 640K, reserved 1048576K
}
Event: 13119.520 GC heap before
{Heap before GC invocations=46817 (full 0):
 garbage-first heap   total 530432K, used 469529K [0x0000000709a00000, 0x0000000800000000)
  region size 1024K, 220 young (225280K), 1 survivors (1024K)
 Metaspace       used 6412K, capacity 6519K, committed 6784K, reserved 1056768K
  class space    used 533K, capacity 547K, committed 640K, reserved 1048576K
}

Deoptimization events (5 events):
Event: 0.213 Thread 0x00000232a91b1800 Uncommon trap: reason=unstable_if action=reinterpret pc=0x00000232b9045264 method=java.lang.String.hashCode()I @ 14 c2
Event: 5.388 Thread 0x00000232a91b1800 Uncommon trap: reason=intrinsic_or_type_checked_inlining action=make_not_entrant pc=0x00000232b90713d0 method=java.util.ArrayList$SubList.toArray([Ljava/lang/Object;)[Ljava/lang/Object; @ 58 c2
Event: 467.195 Thread 0x00000232a91b1800 Uncommon trap: reason=unstable_if action=reinterpret pc=0x00000232b90abd44 method=java.util.TimSort.<init>([Ljava/lang/Object;Ljava/util/Comparator;[Ljava/lang/Object;II)V @ 152 c2
Event: 467.219 Thread 0x00000232a91b1800 Uncommon trap: reason=unstable_if action=reinterpret pc=0x00000232b90b0d8c method=java.util.TimSort.<init>([Ljava/lang/Object;Ljava/util/Comparator;[Ljava/lang/Object;II)V @ 152 c2
Event: 13117.979 Thread 0x00000232cd632000 Uncommon trap: reason=unstable_if action=reinterpret pc=0x00000232b90b7ccc method=java.lang.ref.Reference.processPendingReferences()V @ 91 c2

Classes redefined (0 events):
No events

Internal exceptions (1 events):
Event: 0.277 Thread 0x00000232a91b1800 Exception <a 'java/lang/NoSuchMethodError'{0x00000007190580a8}: java.lang.invoke.DirectMethodHandle$Holder.invokeSpecialIFC(Ljava/lang/Object;Ljava/lang/Object;I)I> (0x00000007190580a8) thrown at [t:/workspace/open/src/hotspot/share/interpreter/linkResolv

Events (10 events):
Event: 13118.358 Executing VM operation: G1CollectForAllocation done
Event: 13118.432 Executing VM operation: G1CollectForAllocation
Event: 13118.451 Executing VM operation: G1CollectForAllocation done
Event: 13118.553 Executing VM operation: G1CollectForAllocation
Event: 13118.567 Executing VM operation: G1CollectForAllocation done
Event: 13118.647 Executing VM operation: G1CollectForAllocation
Event: 13118.663 Executing VM operation: G1CollectForAllocation done
Event: 13118.739 Executing VM operation: G1CollectForAllocation
Event: 13118.753 Executing VM operation: G1CollectForAllocation done
Event: 13119.520 Executing VM operation: G1CollectForAllocation


Dynamic libraries:
0x00007ff79b010000 - 0x00007ff79b055000 	C:\.Net & Java Software\Open JKD -11\bin\javaw.exe
0x00007ffeca150000 - 0x00007ffeca345000 	C:\Windows\SYSTEM32\ntdll.dll
0x00007ffec9790000 - 0x00007ffec984e000 	C:\Windows\System32\KERNEL32.DLL
0x00007ffec7900000 - 0x00007ffec7bc8000 	C:\Windows\System32\KERNELBASE.dll
0x00007ffec9310000 - 0x00007ffec94b0000 	C:\Windows\System32\USER32.dll
0x00007ffec7c70000 - 0x00007ffec7c92000 	C:\Windows\System32\win32u.dll
0x00007ffec9bb0000 - 0x00007ffec9bdb000 	C:\Windows\System32\GDI32.dll
0x00007ffec7ed0000 - 0x00007ffec7fdb000 	C:\Windows\System32\gdi32full.dll
0x00007ffec7bd0000 - 0x00007ffec7c6d000 	C:\Windows\System32\msvcp_win.dll
0x00007ffec7d20000 - 0x00007ffec7e20000 	C:\Windows\System32\ucrtbase.dll
0x00007ffeb2b40000 - 0x00007ffeb2dda000 	C:\Windows\WinSxS\amd64_microsoft.windows.common-controls_6595b64144ccf1df_6.0.19041.1110_none_60b5254171f9507e\COMCTL32.dll
0x00007ffec8950000 - 0x00007ffec89ee000 	C:\Windows\System32\msvcrt.dll
0x00007ffec9650000 - 0x00007ffec9680000 	C:\Windows\System32\IMM32.DLL
0x00007ffeadf00000 - 0x00007ffeadf16000 	C:\.Net & Java Software\Open JKD -11\bin\vcruntime140.dll
0x00007ffe7e2f0000 - 0x00007ffe7e39a000 	C:\.Net & Java Software\Open JKD -11\bin\msvcp140.dll
0x00007ffe40370000 - 0x00007ffe40eb1000 	C:\.Net & Java Software\Open JKD -11\bin\server\jvm.dll
0x00007ffec9df0000 - 0x00007ffec9e9e000 	C:\Windows\System32\ADVAPI32.dll
0x00007ffec8700000 - 0x00007ffec879c000 	C:\Windows\System32\sechost.dll
0x00007ffec87a0000 - 0x00007ffec88c5000 	C:\Windows\System32\RPCRT4.dll
0x00007ffec8280000 - 0x00007ffec8288000 	C:\Windows\System32\PSAPI.DLL
0x00007ffea3980000 - 0x00007ffea39a7000 	C:\Windows\SYSTEM32\WINMM.dll
0x00007ffeacc90000 - 0x00007ffeacc99000 	C:\Windows\SYSTEM32\WSOCK32.dll
0x00007ffeca0a0000 - 0x00007ffeca10b000 	C:\Windows\System32\WS2_32.dll
0x00007ffebb430000 - 0x00007ffebb43a000 	C:\Windows\SYSTEM32\VERSION.dll
0x00007ffec5ff0000 - 0x00007ffec6002000 	C:\Windows\SYSTEM32\kernel.appcore.dll
0x00007ffeb2350000 - 0x00007ffeb2361000 	C:\.Net & Java Software\Open JKD -11\bin\verify.dll
0x00007ffec5570000 - 0x00007ffec5754000 	C:\Windows\SYSTEM32\DBGHELP.DLL
0x00007ffea2cb0000 - 0x00007ffea2cdc000 	C:\Windows\SYSTEM32\dbgcore.DLL
0x00007ffec7870000 - 0x00007ffec78f2000 	C:\Windows\System32\bcryptPrimitives.dll
0x00007ffeadfd0000 - 0x00007ffeadff8000 	C:\.Net & Java Software\Open JKD -11\bin\java.dll
0x00007ffeb21e0000 - 0x00007ffeb21f6000 	C:\.Net & Java Software\Open JKD -11\bin\zip.dll
0x00007ffeb9d50000 - 0x00007ffeb9d5a000 	C:\.Net & Java Software\Open JKD -11\bin\jimage.dll
0x00007ffec8a00000 - 0x00007ffec9144000 	C:\Windows\System32\SHELL32.dll
0x00007ffec5840000 - 0x00007ffec5fd4000 	C:\Windows\SYSTEM32\windows.storage.dll
0x00007ffec9850000 - 0x00007ffec9ba4000 	C:\Windows\System32\combase.dll
0x00007ffec72d0000 - 0x00007ffec72fc000 	C:\Windows\SYSTEM32\Wldp.dll
0x00007ffec9680000 - 0x00007ffec972d000 	C:\Windows\System32\SHCORE.dll
0x00007ffec95f0000 - 0x00007ffec9645000 	C:\Windows\System32\shlwapi.dll
0x00007ffec77b0000 - 0x00007ffec77cf000 	C:\Windows\SYSTEM32\profapi.dll
0x00007ffe89330000 - 0x00007ffe89359000 	C:\ProgramData\Microsoft\Windows Defender\Platform\4.18.2203.5-28\MpDetours.dll
0x00007ffec9cc0000 - 0x00007ffec9dea000 	C:\Windows\System32\ole32.dll
0x00007ffe8d880000 - 0x00007ffe8d914000 	C:\Windows\SYSTEM32\winspool.drv

dbghelp: loaded successfully - version: 4.0.5 - missing functions: none
symbol engine: initialized successfully - sym options: 0x614 - pdb path: .;C:\.Net & Java Software\Open JKD -11\bin;C:\Windows\SYSTEM32;C:\Windows\WinSxS\amd64_microsoft.windows.common-controls_6595b64144ccf1df_6.0.19041.1110_none_60b5254171f9507e;C:\.Net & Java Software\Open JKD -11\bin\server;C:\ProgramData\Microsoft\Windows Defender\Platform\4.18.2203.5-28

VM Arguments:
jvm_args: -Dfile.encoding=Cp1252 
java_command: com.nagarro.training.advancejava.assignment1.Assignment1
java_class_path (initial): C:\Users\shubhendushekhar\eclipse-workspace\Assignment-1\bin
Launcher Type: SUN_STANDARD

[Global flags]
     intx CICompilerCount                          = 4                                         {product} {ergonomic}
     uint ConcGCThreads                            = 2                                         {product} {ergonomic}
     uint G1ConcRefinementThreads                  = 8                                         {product} {ergonomic}
   size_t G1HeapRegionSize                         = 1048576                                   {product} {ergonomic}
    uintx GCDrainStackTargetSize                   = 64                                        {product} {ergonomic}
   size_t InitialHeapSize                          = 260046848                                 {product} {ergonomic}
   size_t MarkStackSize                            = 4194304                                   {product} {ergonomic}
   size_t MaxHeapSize                              = 4133486592                                {product} {ergonomic}
   size_t MaxNewSize                               = 2479882240                                {product} {ergonomic}
   size_t MinHeapDeltaBytes                        = 1048576                                   {product} {ergonomic}
    uintx NonNMethodCodeHeapSize                   = 5835340                                {pd product} {ergonomic}
    uintx NonProfiledCodeHeapSize                  = 122911450                              {pd product} {ergonomic}
    uintx ProfiledCodeHeapSize                     = 122911450                              {pd product} {ergonomic}
    uintx ReservedCodeCacheSize                    = 251658240                              {pd product} {ergonomic}
     bool SegmentedCodeCache                       = true                                      {product} {ergonomic}
     bool UseCompressedClassPointers               = true                                 {lp64_product} {ergonomic}
     bool UseCompressedOops                        = true                                 {lp64_product} {ergonomic}
     bool UseG1GC                                  = true                                      {product} {ergonomic}
     bool UseLargePagesIndividualAllocation        = false                                  {pd product} {ergonomic}

Logging:
Log output configuration:
 #0: stdout all=warning uptime,level,tags
 #1: stderr all=off uptime,level,tags

Environment Variables:
JAVA_HOME=C:\.Net & Java Software\Open JKD -11\
PATH=C:/.Net & Java Software/Open JKD -11//bin/server;C:/.Net & Java Software/Open JKD -11//bin;C:\Program Files\Microsoft MPI\Bin\;C:\Windows\system32;C:\Windows;C:\Windows\System32\Wbem;C:\Windows\System32\WindowsPowerShell\v1.0\;C:\Windows\System32\OpenSSH\;C:\Program Files\TortoiseSVN\bin;C:\.Net & Java Software\Open JKD -11\\bin;C:\Program Files\dotnet\;C:\Program Files\Microsoft SQL Server\130\Tools\Binn\;C:\Program Files\Microsoft SQL Server\Client SDK\ODBC\170\Tools\Binn\;C:\Program Files\nodejs\;C:\Program Files (x86)\Microsoft SQL Server\150\DTS\Binn\;C:\Program Files\Azure Data Studio\bin;C:\Program Files (x86)\Microsoft SQL Server\140\Tools\Binn\;C:\Program Files\Microsoft SQL Server\140\Tools\Binn\;C:\Program Files (x86)\Microsoft SQL Server\140\DTS\Binn\;C:\Program Files\Microsoft SQL Server\140\DTS\Binn\;C:\Program Files\Microsoft SQL Server\Client SDK\ODBC\130\Tools\Binn\;C:\Program Files (x86)\dotnet\;C:\Program Files\apache-maven-3.6.3\bin;C:\Program Files\MySQL\MySQL Server 8.0\bin;C:\Program Files\Git\cmd;C:\Program Files\MySQL\MySQL Shell 8.0\bin\;C:\Users\shubhendushekhar\AppData\Local\Microsoft\WindowsApps;C:\Users\shubhendushekhar\.dotnet\tools;C:\Users\shubhendushekhar\AppData\Roaming\npm;C:\Program Files\Azure Data Studio\bin;C:\Users\shubhendushekhar\AppData\Local\Programs\Microsoft VS Code\bin;C:\sonarqube-8.7.1.42226\bin;;C:\Program Files\JetBrains\IntelliJ IDEA Community Edition 2021.3.3\bin;;C:\Windows\system32;
USERNAME=shubhendushekhar
OS=Windows_NT
PROCESSOR_IDENTIFIER=Intel64 Family 6 Model 140 Stepping 1, GenuineIntel



---------------  S Y S T E M  ---------------

OS: Windows 10 , 64 bit Build 19041 (10.0.19041.1566)

CPU:total 8 (initial active 8) (4 cores per cpu, 2 threads per core) family 6 model 140 stepping 1, cmov, cx8, fxsr, mmx, sse, sse2, sse3, ssse3, sse4.1, sse4.2, popcnt, avx, avx2, aes, clmul, erms, 3dnowpref, lzcnt, ht, tsc, tscinvbit, bmi1, bmi2, adx, sha, fma

Memory: 4k page, system-wide physical 15761M (798M free)
TotalPageFile size 33407M (AvailPageFile size 49M)
current process WorkingSet (physical memory assigned to process): 571M, peak: 571M
current process commit charge ("private bytes"): 617M, peak: 1229M

vm_info: OpenJDK 64-Bit Server VM (11.0.1+13) for windows-amd64 JRE (11.0.1+13), built on Oct  6 2018 13:18:13 by "mach5one" with MS VC++ 15.5 (VS2017)

END.
